---------------------------------------------------------------------------------------------
      name:  <unnamed>
       log:  /Users/youpengzhang/Desktop/2018_CGS/referee_report/STARdatapost/DIRECTORY HERE\
> Table2.log
  log type:  text
 opened on:  28 Jun 2018, 20:00:06

. 
. ****************************************************************
. * PROGRAM: STAR_Table2
. * PROGRAMMER: Bruno Ferman (based on program by written Simone Schaner)
. * PURPOSE: Makes Table 2 of Angrist, Lang and Oreopoulos (2008) 
. *****************************************************************
. 
. 
. clear

. use "/Users/youpengzhang/Desktop/2018_CGS/referee_report/empirics/STARdatapost/STAR_public_
> use.dta"

. set mem 50m
set memory ignored.
    Memory no longer needs to be set in modern Statas; memory adjustments are performed on
    the fly automatically.

. set more off

. set linesize 200

. 
. use STAR_public_use, clear      

. 
. keep if noshow==0   //group with 0
(85 observations deleted)

.         
. g byte group1= 1  //group with 1

. g byte group2= sex=="M"  //group with male

. g byte group3= sex=="F" //group with female

. 
. * CONTROLS
. local basic i.sex i.mtongue i.hsgroup i.numcourses_nov1 //basics

. local all   i.sex i.mtongue i.hsgroup  i.numcourses_nov1 i.lastmin i.mom_edn i.dad_edn  //all controls

. 
. mat t2=J(30,6,.)

. local i=0

. local j=1

. 
. * DUMMY FOR HAS FALL GRADES
. g byte hasfall= grade_20059_fall!=.   //DUMMY FOR HAS FALL GRADES

. 
. foreach group in 1 2 3 {    //for each three groups
  2.         foreach var in totcredits_year1 mathsci hasfall {  //for each three groups
  3.         g var`i'=`var'
  4.         sum var`i' if cont & group`group'    //control group
  5.                 mat t2[`j'+1,`i'*2+1]=r(mean)
  6.                 mat t2[`j'+2,`i'*2+1]=r(sd)
  7.         xi: reg var`i' ssp sfp sfsp `basic' if group`group', r  //r: robust
  8.                 mat t2[`j'+3,`i'*2+1]=_b[ssp]
  9.                 mat t2[`j'+4,`i'*2+1]=_se[ssp]
 10.                 mat t2[`j'+5,`i'*2+1]=_b[sfp]
 11.                 mat t2[`j'+6,`i'*2+1]=_se[sfp]
 12.                 mat t2[`j'+7,`i'*2+1]=_b[sfsp]
 13.                 mat t2[`j'+8,`i'*2+1]=_se[sfsp]
 14.                 mat t2[`j'+9,`i'*2+1]=e(N)
 15.         xi: reg var`i' ssp sfp sfsp `all' if group`group', r
 16.                 mat t2[`j'+3,`i'*2+2]=_b[ssp]
 17.                 mat t2[`j'+4,`i'*2+2]=_se[ssp]
 18.                 mat t2[`j'+5,`i'*2+2]=_b[sfp]
 19.                 mat t2[`j'+6,`i'*2+2]=_se[sfp]
 20.                 mat t2[`j'+7,`i'*2+2]=_b[sfsp]
 21.                 mat t2[`j'+8,`i'*2+2]=_se[sfsp]
 22.                 mat t2[`j'+9,`i'*2+2]=e(N)
 23.         drop var`i'
 24.         local ++i
 25.         }
 26.         local i=0
 27.         local j=`j'+10
 28.         }

    Variable |        Obs        Mean    Std. Dev.       Min        Max
-------------+---------------------------------------------------------
        var0 |        952    4.048845    .8927673          0          6
i.sex             _Isex_1-2           (_Isex_1 for sex==F omitted)
i.mtongue         _Imtongue_1-3       (_Imtongue_1 for mton~e==English omitted)
i.hsgroup         _Ihsgroup_1-3       (naturally coded; _Ihsgroup_1 omitted)
i.numcourses_~1   _Inumcourse_2-6     (naturally coded; _Inumcourse_2 omitted)

Linear regression                               Number of obs     =      1,571
                                                F(12, 1558)       =      37.83
                                                Prob > F          =     0.0000
                                                R-squared         =     0.2171
                                                Root MSE          =     .79145

-------------------------------------------------------------------------------
              |               Robust
         var0 |      Coef.   Std. Err.      t    P>|t|     [95% Conf. Interval]
--------------+----------------------------------------------------------------
          ssp |   .0764728   .0558003     1.37   0.171    -.0329788    .1859245
          sfp |   .0197803   .0556002     0.36   0.722    -.0892789    .1288394
         sfsp |  -.0697515     .07427    -0.94   0.348    -.2154312    .0759283
      _Isex_2 |  -.0869709   .0416748    -2.09   0.037    -.1687155   -.0052263
  _Imtongue_2 |   -.033415    .202344    -0.17   0.869    -.4303103    .3634803
  _Imtongue_3 |  -.0570098   .0435381    -1.31   0.191    -.1424092    .0283897
  _Ihsgroup_2 |   .0250512   .0513721     0.49   0.626    -.0757145    .1258169
  _Ihsgroup_3 |   .2934509   .0475234     6.17   0.000     .2002344    .3866674
_Inumcourse_3 |   1.050092   .3039817     3.45   0.001     .4538357    1.646349
_Inumcourse_4 |   1.794885   .2868492     6.26   0.000     1.232234    2.357537
_Inumcourse_5 |   2.369279   .2871024     8.25   0.000     1.806131    2.932427
_Inumcourse_6 |   2.297964   .2882359     7.97   0.000     1.732593    2.863335
        _cons |   1.856649   .2915861     6.37   0.000     1.284707    2.428592
-------------------------------------------------------------------------------
i.sex             _Isex_1-2           (_Isex_1 for sex==F omitted)
i.mtongue         _Imtongue_1-3       (_Imtongue_1 for mton~e==English omitted)
i.hsgroup         _Ihsgroup_1-3       (naturally coded; _Ihsgroup_1 omitted)
i.numcourses_~1   _Inumcourse_2-6     (naturally coded; _Inumcourse_2 omitted)
i.lastmin         _Ilastmin_1-5       (naturally coded; _Ilastmin_1 omitted)
i.mom_edn         _Imom_edn_1-9       (naturally coded; _Imom_edn_1 omitted)
i.dad_edn         _Idad_edn_1-9       (naturally coded; _Idad_edn_1 omitted)

Linear regression                               Number of obs     =      1,431
                                                F(32, 1398)       =      14.82
                                                Prob > F          =     0.0000
                                                R-squared         =     0.2165
                                                Root MSE          =     .78236

-------------------------------------------------------------------------------
              |               Robust
         var0 |      Coef.   Std. Err.      t    P>|t|     [95% Conf. Interval]
--------------+----------------------------------------------------------------
          ssp |   .0493058   .0603443     0.82   0.414    -.0690694    .1676809
          sfp |   .0373072   .0542456     0.69   0.492    -.0691043    .1437187
         sfsp |  -.0862936    .080961    -1.07   0.287    -.2451117    .0725246
      _Isex_2 |  -.0812322   .0442128    -1.84   0.066    -.1679627    .0054984
  _Imtongue_2 |  -.0029185   .2075802    -0.01   0.989    -.4101206    .4042837
  _Imtongue_3 |  -.0519201   .0471066    -1.10   0.271    -.1443274    .0404872
  _Ihsgroup_2 |   .0437654    .053001     0.83   0.409    -.0602048    .1477355
  _Ihsgroup_3 |   .2897475   .0506276     5.72   0.000     .1904332    .3890618
_Inumcourse_3 |   .8415426   .2545824     3.31   0.001     .3421379    1.340947
_Inumcourse_4 |   1.612786   .2260855     7.13   0.000     1.169283    2.056289
_Inumcourse_5 |   2.171308   .2269871     9.57   0.000     1.726036     2.61658
_Inumcourse_6 |   2.108659   .2279885     9.25   0.000     1.661422    2.555895
  _Ilastmin_2 |  -.0620584    .071892    -0.86   0.388    -.2030862    .0789694
  _Ilastmin_3 |   -.026916   .0632345    -0.43   0.670    -.1509607    .0971287
  _Ilastmin_4 |  -.0458926   .0730013    -0.63   0.530    -.1890965    .0973112
  _Ilastmin_5 |  -.0194557   .0998954    -0.19   0.846    -.2154166    .1765053
  _Imom_edn_2 |   .1291719   .1126393     1.15   0.252    -.0917884    .3501322
  _Imom_edn_3 |   .2523873    .160118     1.58   0.115    -.0617101    .5664847
  _Imom_edn_4 |   .2602613   .1149759     2.26   0.024     .0347173    .4858053
  _Imom_edn_5 |   .1415113   .1473945     0.96   0.337    -.1476269    .4306494
  _Imom_edn_6 |    .098504   .1195213     0.82   0.410    -.1359565    .3329645
  _Imom_edn_7 |   .2437448   .1294861     1.88   0.060    -.0102631    .4977528
  _Imom_edn_8 |   .1974171    .159439     1.24   0.216    -.1153484    .5101826
  _Imom_edn_9 |   .1977804   .1513864     1.31   0.192    -.0991886    .4947494
  _Idad_edn_2 |  -.0450841   .0917765    -0.49   0.623    -.2251186    .1349505
  _Idad_edn_3 |   .0316043   .1485572     0.21   0.832    -.2598148    .3230235
  _Idad_edn_4 |   .0032644     .08281     0.04   0.969    -.1591808    .1657096
  _Idad_edn_5 |  -.0821261     .11773    -0.70   0.486    -.3130726    .1488205
  _Idad_edn_6 |   .0512776   .0826799     0.62   0.535    -.1109124    .2134676
  _Idad_edn_7 |   .0024466   .0886735     0.03   0.978    -.1715009     .176394
  _Idad_edn_8 |   .1575876   .1278355     1.23   0.218    -.0931824    .4083576
  _Idad_edn_9 |  -.0025241   .1323272    -0.02   0.985    -.2621054    .2570573
        _cons |   1.916508   .2492508     7.69   0.000     1.427562    2.405454
-------------------------------------------------------------------------------

    Variable |        Obs        Mean    Std. Dev.       Min        Max
-------------+---------------------------------------------------------
        var1 |        952    1.094538    1.205923          0          5
i.sex             _Isex_1-2           (_Isex_1 for sex==F omitted)
i.mtongue         _Imtongue_1-3       (_Imtongue_1 for mton~e==English omitted)
i.hsgroup         _Ihsgroup_1-3       (naturally coded; _Ihsgroup_1 omitted)
i.numcourses_~1   _Inumcourse_2-6     (naturally coded; _Inumcourse_2 omitted)

Linear regression                               Number of obs     =      1,571
                                                F(12, 1558)       =      17.42
                                                Prob > F          =     0.0000
                                                R-squared         =     0.1153
                                                Root MSE          =     1.1383

-------------------------------------------------------------------------------
              |               Robust
         var1 |      Coef.   Std. Err.      t    P>|t|     [95% Conf. Interval]
--------------+----------------------------------------------------------------
          ssp |   .0725388   .0848127     0.86   0.393    -.0938203    .2388978
          sfp |     .09623   .0803136     1.20   0.231    -.0613041    .2537641
         sfsp |  -.1483267   .0944751    -1.57   0.117    -.3336385    .0369851
      _Isex_2 |   .2067913   .0596109     3.47   0.001     .0898652    .3237173
  _Imtongue_2 |   .2540805   .5413996     0.47   0.639    -.8078682    1.316029
  _Imtongue_3 |   .3484407   .0656185     5.31   0.000     .2197308    .4771505
  _Ihsgroup_2 |   .1997157   .0644272     3.10   0.002     .0733426    .3260888
  _Ihsgroup_3 |   .7388304   .0718924    10.28   0.000     .5978144    .8798465
_Inumcourse_3 |   .2770658   .2265137     1.22   0.221    -.1672381    .7213696
_Inumcourse_4 |   .6058748   .2098948     2.89   0.004     .1941687    1.017581
_Inumcourse_5 |   .8054802   .2096875     3.84   0.000     .3941808     1.21678
_Inumcourse_6 |   .5657095   .2092065     2.70   0.007     .1553534    .9760656
        _cons |  -.0636631   .2100402    -0.30   0.762    -.4756545    .3483282
-------------------------------------------------------------------------------
i.sex             _Isex_1-2           (_Isex_1 for sex==F omitted)
i.mtongue         _Imtongue_1-3       (_Imtongue_1 for mton~e==English omitted)
i.hsgroup         _Ihsgroup_1-3       (naturally coded; _Ihsgroup_1 omitted)
i.numcourses_~1   _Inumcourse_2-6     (naturally coded; _Inumcourse_2 omitted)
i.lastmin         _Ilastmin_1-5       (naturally coded; _Ilastmin_1 omitted)
i.mom_edn         _Imom_edn_1-9       (naturally coded; _Imom_edn_1 omitted)
i.dad_edn         _Idad_edn_1-9       (naturally coded; _Idad_edn_1 omitted)

Linear regression                               Number of obs     =      1,431
                                                F(32, 1398)       =       7.16
                                                Prob > F          =     0.0000
                                                R-squared         =     0.1315
                                                Root MSE          =     1.1491

-------------------------------------------------------------------------------
              |               Robust
         var1 |      Coef.   Std. Err.      t    P>|t|     [95% Conf. Interval]
--------------+----------------------------------------------------------------
          ssp |   .0806111   .0906448     0.89   0.374    -.0972034    .2584256
          sfp |   .1154333   .0857923     1.35   0.179    -.0528622    .2837288
         sfsp |  -.1389793   .1036592    -1.34   0.180    -.3423235     .064365
      _Isex_2 |   .2019195   .0639112     3.16   0.002     .0765472    .3272917
  _Imtongue_2 |   .1722128   .5718683     0.30   0.763    -.9495997    1.294025
  _Imtongue_3 |   .3341959   .0720246     4.64   0.000      .192908    .4754839
  _Ihsgroup_2 |   .2217246   .0682778     3.25   0.001     .0877866    .3556627
  _Ihsgroup_3 |   .7650905   .0761877    10.04   0.000      .615636    .9145451
_Inumcourse_3 |   .2661027   .3033698     0.88   0.381    -.3290064    .8612118
_Inumcourse_4 |   .7202937   .2878805     2.50   0.012     .1555694    1.285018
_Inumcourse_5 |   .8769802   .2868877     3.06   0.002     .3142034    1.439757
_Inumcourse_6 |   .6361092   .2865987     2.22   0.027     .0738994    1.198319
  _Ilastmin_2 |  -.0536834    .106779    -0.50   0.615    -.2631478     .155781
  _Ilastmin_3 |  -.0725374   .0990733    -0.73   0.464    -.2668858    .1218109
  _Ilastmin_4 |   .0723184   .1101826     0.66   0.512    -.1438227    .2884594
  _Ilastmin_5 |   .0110088   .1863247     0.06   0.953    -.3544973    .3765148
  _Imom_edn_2 |    .145797    .119295     1.22   0.222    -.0882194    .3798134
  _Imom_edn_3 |   .1491349   .1993356     0.75   0.454    -.2418942     .540164
  _Imom_edn_4 |   .1013819   .1271037     0.80   0.425    -.1479527    .3507165
  _Imom_edn_5 |  -.0577004    .175612    -0.33   0.743    -.4021918    .2867911
  _Imom_edn_6 |   .0721271    .129149     0.56   0.577    -.1812196    .3254738
  _Imom_edn_7 |  -.0151562   .1636056    -0.09   0.926    -.3360952    .3057828
  _Imom_edn_8 |   .1502247    .236489     0.64   0.525    -.3136869    .6141364
  _Imom_edn_9 |   .0251808   .1890711     0.13   0.894    -.3457129    .3960745
  _Idad_edn_2 |    .145904   .1195155     1.22   0.222     -.088545     .380353
  _Idad_edn_3 |   .0676281   .1900346     0.36   0.722    -.3051557    .4404119
  _Idad_edn_4 |   .2160859   .1242517     1.74   0.082     -.027654    .4598258
  _Idad_edn_5 |   .1879713   .1803682     1.04   0.298    -.1658502    .5417928
  _Idad_edn_6 |   .2702253   .1214361     2.23   0.026     .0320086    .5084419
  _Idad_edn_7 |   .3491853   .1384952     2.52   0.012     .0775044    .6208661
  _Idad_edn_8 |   .2513647   .1977397     1.27   0.204    -.1365339    .6392632
  _Idad_edn_9 |   .2870343   .1780959     1.61   0.107    -.0623297    .6363983
        _cons |  -.4036838   .3130438    -1.29   0.197     -1.01777    .2104025
-------------------------------------------------------------------------------

    Variable |        Obs        Mean    Std. Dev.       Min        Max
-------------+---------------------------------------------------------
        var2 |        952    .8928571    .3094574          0          1
i.sex             _Isex_1-2           (_Isex_1 for sex==F omitted)
i.mtongue         _Imtongue_1-3       (_Imtongue_1 for mton~e==English omitted)
i.hsgroup         _Ihsgroup_1-3       (naturally coded; _Ihsgroup_1 omitted)
i.numcourses_~1   _Inumcourse_2-6     (naturally coded; _Inumcourse_2 omitted)

Linear regression                               Number of obs     =      1,571
                                                F(12, 1558)       =       7.21
                                                Prob > F          =     0.0000
                                                R-squared         =     0.0471
                                                Root MSE          =     .30685

-------------------------------------------------------------------------------
              |               Robust
         var2 |      Coef.   Std. Err.      t    P>|t|     [95% Conf. Interval]
--------------+----------------------------------------------------------------
          ssp |   .0039121   .0215348     0.18   0.856    -.0383281    .0461524
          sfp |   .0069035   .0219496     0.31   0.753    -.0361505    .0499574
         sfsp |  -.0392333   .0315626    -1.24   0.214     -.101143    .0226763
      _Isex_2 |   .0398122   .0156944     2.54   0.011     .0090279    .0705965
  _Imtongue_2 |   .0663967   .0198822     3.34   0.001     .0273979    .1053954
  _Imtongue_3 |   .0356998   .0164157     2.17   0.030     .0035005    .0678991
  _Ihsgroup_2 |  -.0030374   .0211842    -0.14   0.886    -.0445899    .0385151
  _Ihsgroup_3 |   .0652466   .0182672     3.57   0.000     .0294156    .1010775
_Inumcourse_3 |  -.0867428   .1664221    -0.52   0.602    -.4131778    .2396922
_Inumcourse_4 |   .1007662   .1580064     0.64   0.524    -.2091614    .4106939
_Inumcourse_5 |   .1587102   .1576654     1.01   0.314    -.1505485    .4679689
_Inumcourse_6 |    .126023   .1578788     0.80   0.425    -.1836543    .4357002
        _cons |   .7215081   .1587005     4.55   0.000     .4102189    1.032797
-------------------------------------------------------------------------------
i.sex             _Isex_1-2           (_Isex_1 for sex==F omitted)
i.mtongue         _Imtongue_1-3       (_Imtongue_1 for mton~e==English omitted)
i.hsgroup         _Ihsgroup_1-3       (naturally coded; _Ihsgroup_1 omitted)
i.numcourses_~1   _Inumcourse_2-6     (naturally coded; _Inumcourse_2 omitted)
i.lastmin         _Ilastmin_1-5       (naturally coded; _Ilastmin_1 omitted)
i.mom_edn         _Imom_edn_1-9       (naturally coded; _Imom_edn_1 omitted)
i.dad_edn         _Idad_edn_1-9       (naturally coded; _Idad_edn_1 omitted)

Linear regression                               Number of obs     =      1,431
                                                F(32, 1398)       =       3.00
                                                Prob > F          =     0.0000
                                                R-squared         =     0.0659
                                                Root MSE          =     .30561

-------------------------------------------------------------------------------
              |               Robust
         var2 |      Coef.   Std. Err.      t    P>|t|     [95% Conf. Interval]
--------------+----------------------------------------------------------------
          ssp |   .0001419   .0228986     0.01   0.995    -.0447774    .0450613
          sfp |  -.0037608   .0232196    -0.16   0.871    -.0493097    .0417882
         sfsp |  -.0414391   .0342213    -1.21   0.226    -.1085698    .0256916
      _Isex_2 |    .034855   .0168716     2.07   0.039     .0017586    .0679515
  _Imtongue_2 |   .0798835   .0337152     2.37   0.018     .0137457    .1460213
  _Imtongue_3 |    .043755   .0173412     2.52   0.012     .0097374    .0777726
  _Ihsgroup_2 |   .0014897   .0223204     0.07   0.947    -.0422954    .0452749
  _Ihsgroup_3 |   .0668668    .019682     3.40   0.001     .0282573    .1054763
_Inumcourse_3 |  -.2026882   .1759113    -1.15   0.249    -.5477668    .1423903
_Inumcourse_4 |   .0102685   .1659117     0.06   0.951    -.3151943    .3357312
_Inumcourse_5 |   .0593623   .1654699     0.36   0.720    -.2652338    .3839585
_Inumcourse_6 |   .0298926   .1654929     0.18   0.857    -.2947486    .3545337
  _Ilastmin_2 |  -.0176274   .0231202    -0.76   0.446    -.0629814    .0277266
  _Ilastmin_3 |  -.0536312   .0223795    -2.40   0.017    -.0975321   -.0097302
  _Ilastmin_4 |  -.0721269   .0252733    -2.85   0.004    -.1217046   -.0225491
  _Ilastmin_5 |  -.0414275   .0383689    -1.08   0.280    -.1166942    .0338393
  _Imom_edn_2 |  -.0724542   .0364181    -1.99   0.047    -.1438943   -.0010142
  _Imom_edn_3 |  -.0336186   .0540242    -0.62   0.534    -.1395958    .0723586
  _Imom_edn_4 |  -.0487352   .0393794    -1.24   0.216    -.1259843    .0285139
  _Imom_edn_5 |   .0023448   .0443864     0.05   0.958    -.0847262    .0894159
  _Imom_edn_6 |  -.0757914   .0384373    -1.97   0.049    -.1511924   -.0003904
  _Imom_edn_7 |  -.0658944   .0418908    -1.57   0.116      -.14807    .0162812
  _Imom_edn_8 |  -.0322414   .0504748    -0.64   0.523     -.131256    .0667732
  _Imom_edn_9 |  -.0853379   .0528351    -1.62   0.106    -.1889824    .0183067
  _Idad_edn_2 |    .012324     .03916     0.31   0.753    -.0644948    .0891428
  _Idad_edn_3 |   -.019009   .0653851    -0.29   0.771    -.1472726    .1092546
  _Idad_edn_4 |    .003375   .0416749     0.08   0.935     -.078377     .085127
  _Idad_edn_5 |   .0126746   .0559772     0.23   0.821    -.0971338    .1224831
  _Idad_edn_6 |   .0394277   .0375743     1.05   0.294    -.0342803    .1131358
  _Idad_edn_7 |   .0409323   .0400081     1.02   0.306      -.03755    .1194146
  _Idad_edn_8 |   .0779178   .0432713     1.80   0.072    -.0069658    .1628015
  _Idad_edn_9 |   .0400445    .050187     0.80   0.425    -.0584055    .1384945
        _cons |   .8928165   .1680668     5.31   0.000     .5631262    1.222507
-------------------------------------------------------------------------------

    Variable |        Obs        Mean    Std. Dev.       Min        Max
-------------+---------------------------------------------------------
        var0 |        406    3.964286    .9437673          0        5.5
i.sex             _Isex_1-2           (_Isex_1 for sex==F omitted)
i.mtongue         _Imtongue_1-3       (_Imtongue_1 for mton~e==English omitted)
i.hsgroup         _Ihsgroup_1-3       (naturally coded; _Ihsgroup_1 omitted)
i.numcourses_~1   _Inumcourse_2-6     (naturally coded; _Inumcourse_2 omitted)
note: _Isex_2 omitted because of collinearity

Linear regression                               Number of obs     =        665
                                                F(10, 653)        =          .
                                                Prob > F          =          .
                                                R-squared         =     0.2413
                                                Root MSE          =     .83044

-------------------------------------------------------------------------------
              |               Robust
         var0 |      Coef.   Std. Err.      t    P>|t|     [95% Conf. Interval]
--------------+----------------------------------------------------------------
          ssp |   .0804447   .0882003     0.91   0.362    -.0927458    .2536352
          sfp |  -.1232205   .0978909    -1.26   0.209    -.3154393    .0689983
         sfsp |  -.1330113   .1166391    -1.14   0.255    -.3620442    .0960216
      _Isex_2 |          0  (omitted)
  _Imtongue_2 |  -.4511461   .0735288    -6.14   0.000    -.5955274   -.3067647
  _Imtongue_3 |  -.0558403    .070678    -0.79   0.430    -.1946238    .0829432
  _Ihsgroup_2 |   .0992622   .0789174     1.26   0.209    -.0557003    .2542247
  _Ihsgroup_3 |   .3404017   .0772104     4.41   0.000     .1887911    .4920122
_Inumcourse_3 |   1.160801   .3084021     3.76   0.000     .5552219    1.766381
_Inumcourse_4 |   2.013575   .2733453     7.37   0.000     1.476833    2.550316
_Inumcourse_5 |   2.514943   .2762025     9.11   0.000     1.972591    3.057295
_Inumcourse_6 |   2.437878   .2780451     8.77   0.000     1.891908    2.983849
        _cons |   1.595801   .2790571     5.72   0.000     1.047844    2.143759
-------------------------------------------------------------------------------
i.sex             _Isex_1-2           (_Isex_1 for sex==F omitted)
i.mtongue         _Imtongue_1-3       (_Imtongue_1 for mton~e==English omitted)
i.hsgroup         _Ihsgroup_1-3       (naturally coded; _Ihsgroup_1 omitted)
i.numcourses_~1   _Inumcourse_2-6     (naturally coded; _Inumcourse_2 omitted)
i.lastmin         _Ilastmin_1-5       (naturally coded; _Ilastmin_1 omitted)
i.mom_edn         _Imom_edn_1-9       (naturally coded; _Imom_edn_1 omitted)
i.dad_edn         _Idad_edn_1-9       (naturally coded; _Idad_edn_1 omitted)
note: _Isex_2 omitted because of collinearity

Linear regression                               Number of obs     =        594
                                                F(30, 562)        =          .
                                                Prob > F          =          .
                                                R-squared         =     0.2396
                                                Root MSE          =     .82096

-------------------------------------------------------------------------------
              |               Robust
         var0 |      Coef.   Std. Err.      t    P>|t|     [95% Conf. Interval]
--------------+----------------------------------------------------------------
          ssp |   .0315653   .1011521     0.31   0.755     -.167117    .2302476
          sfp |  -.0628957    .088937    -0.71   0.480    -.2375852    .1117938
         sfsp |  -.1152799   .1374768    -0.84   0.402    -.3853111    .1547513
      _Isex_2 |          0  (omitted)
  _Imtongue_2 |   -.242462    .269667    -0.90   0.369    -.7721404    .2872164
  _Imtongue_3 |  -.0554273   .0790759    -0.70   0.484    -.2107477     .099893
  _Ihsgroup_2 |   .1454392   .0796679     1.83   0.068    -.0110441    .3019225
  _Ihsgroup_3 |   .3611921   .0847999     4.26   0.000     .1946286    .5277555
_Inumcourse_3 |   .9285672   .2607789     3.56   0.000     .4163469    1.440788
_Inumcourse_4 |   1.825703    .181013    10.09   0.000     1.470158    2.181248
_Inumcourse_5 |   2.297369   .1885074    12.19   0.000     1.927104    2.667634
_Inumcourse_6 |   2.259593    .186282    12.13   0.000     1.893699    2.625487
  _Ilastmin_2 |  -.0422635   .1050667    -0.40   0.688     -.248635    .1641079
  _Ilastmin_3 |  -.0459933   .0956281    -0.48   0.631    -.2338255    .1418389
  _Ilastmin_4 |  -.0900855   .1104172    -0.82   0.415    -.3069664    .1267953
  _Ilastmin_5 |   -.048287   .1686004    -0.29   0.775     -.379451     .282877
  _Imom_edn_2 |   .2026818   .2429261     0.83   0.404    -.2744722    .6798359
  _Imom_edn_3 |   .1255315   .2918831     0.43   0.667    -.4477835    .6988466
  _Imom_edn_4 |   .3144137   .2484397     1.27   0.206      -.17357    .8023975
  _Imom_edn_5 |   .0358874   .2961728     0.12   0.904    -.5458534    .6176283
  _Imom_edn_6 |   .1575277   .2581302     0.61   0.542    -.3494902    .6645455
  _Imom_edn_7 |   .2296049   .2702428     0.85   0.396    -.3012044    .7604143
  _Imom_edn_8 |    .548667   .2849963     1.93   0.055     -.011121    1.108455
  _Imom_edn_9 |   .2377333   .3170784     0.75   0.454    -.3850702    .8605367
  _Idad_edn_2 |  -.0305074   .1699092    -0.18   0.858    -.3642419    .3032271
  _Idad_edn_3 |  -.2961587   .3292086    -0.90   0.369    -.9427883    .3504709
  _Idad_edn_4 |   .1276254   .1568144     0.81   0.416    -.1803886    .4356394
  _Idad_edn_5 |  -.0028743   .1929939    -0.01   0.988    -.3819518    .3762031
  _Idad_edn_6 |   .1246433   .1483615     0.84   0.401    -.1667675    .4160541
  _Idad_edn_7 |   .1515757   .1496308     1.01   0.311    -.1423282    .4454796
  _Idad_edn_8 |   .1435371   .2247273     0.64   0.523    -.2978709     .584945
  _Idad_edn_9 |   .0051467    .250879     0.02   0.984    -.4876283    .4979216
        _cons |   1.549344   .2642588     5.86   0.000     1.030288    2.068399
-------------------------------------------------------------------------------

    Variable |        Obs        Mean    Std. Dev.       Min        Max
-------------+---------------------------------------------------------
        var1 |        406    1.158867    1.239776          0          5
i.sex             _Isex_1-2           (_Isex_1 for sex==F omitted)
i.mtongue         _Imtongue_1-3       (_Imtongue_1 for mton~e==English omitted)
i.hsgroup         _Ihsgroup_1-3       (naturally coded; _Ihsgroup_1 omitted)
i.numcourses_~1   _Inumcourse_2-6     (naturally coded; _Inumcourse_2 omitted)
note: _Isex_2 omitted because of collinearity

Linear regression                               Number of obs     =        665
                                                F(10, 653)        =          .
                                                Prob > F          =          .
                                                R-squared         =     0.1256
                                                Root MSE          =     1.1759

-------------------------------------------------------------------------------
              |               Robust
         var1 |      Coef.   Std. Err.      t    P>|t|     [95% Conf. Interval]
--------------+----------------------------------------------------------------
          ssp |   .0123457   .1263085     0.10   0.922    -.2356742    .2603656
          sfp |   .2759008   .1383355     1.99   0.047     .0042648    .5475369
         sfsp |  -.1167561   .1599524    -0.73   0.466    -.4308392    .1973271
      _Isex_2 |          0  (omitted)
  _Imtongue_2 |  -.6842015   .1278308    -5.35   0.000    -.9352105   -.4331926
  _Imtongue_3 |   .3995736   .1032771     3.87   0.000     .1967783    .6023688
  _Ihsgroup_2 |   .2014514   .0996896     2.02   0.044     .0057006    .3972022
  _Ihsgroup_3 |   .8375133   .1176944     7.12   0.000     .6064082    1.068618
_Inumcourse_3 |   .2815893   .2772009     1.02   0.310    -.2627234     .825902
_Inumcourse_4 |   .5602787   .2497378     2.24   0.025     .0698927    1.050665
_Inumcourse_5 |   .7747743   .2513479     3.08   0.002     .2812267    1.268322
_Inumcourse_6 |   .6792666    .250988     2.71   0.007     .1864257    1.172108
        _cons |    .071914   .2419339     0.30   0.766    -.4031483    .5469763
-------------------------------------------------------------------------------
i.sex             _Isex_1-2           (_Isex_1 for sex==F omitted)
i.mtongue         _Imtongue_1-3       (_Imtongue_1 for mton~e==English omitted)
i.hsgroup         _Ihsgroup_1-3       (naturally coded; _Ihsgroup_1 omitted)
i.numcourses_~1   _Inumcourse_2-6     (naturally coded; _Inumcourse_2 omitted)
i.lastmin         _Ilastmin_1-5       (naturally coded; _Ilastmin_1 omitted)
i.mom_edn         _Imom_edn_1-9       (naturally coded; _Imom_edn_1 omitted)
i.dad_edn         _Idad_edn_1-9       (naturally coded; _Idad_edn_1 omitted)
note: _Isex_2 omitted because of collinearity

Linear regression                               Number of obs     =        594
                                                F(30, 562)        =          .
                                                Prob > F          =          .
                                                R-squared         =     0.1724
                                                Root MSE          =     1.1804

-------------------------------------------------------------------------------
              |               Robust
         var1 |      Coef.   Std. Err.      t    P>|t|     [95% Conf. Interval]
--------------+----------------------------------------------------------------
          ssp |   .0203221   .1387391     0.15   0.884    -.2521884    .2928326
          sfp |   .3437589   .1493911     2.30   0.022     .0503258     .637192
         sfsp |  -.0481567    .183841    -0.26   0.793    -.4092562    .3129428
      _Isex_2 |          0  (omitted)
  _Imtongue_2 |  -.9627846   .2979192    -3.23   0.001    -1.547956   -.3776135
  _Imtongue_3 |   .3656338   .1132175     3.23   0.001     .1432526     .588015
  _Ihsgroup_2 |   .2183955   .1075376     2.03   0.043     .0071708    .4296202
  _Ihsgroup_3 |    .913827   .1271676     7.19   0.000     .6640451    1.163609
_Inumcourse_3 |   .4687812   .4252393     1.10   0.271    -.3664713    1.304034
_Inumcourse_4 |   .7688045   .3935597     1.95   0.051    -.0042232    1.541832
_Inumcourse_5 |   .9394934   .3955353     2.38   0.018     .1625853    1.716401
_Inumcourse_6 |   .8495581   .3952675     2.15   0.032     .0731761     1.62594
  _Ilastmin_2 |  -.2891234   .1611556    -1.79   0.073    -.6056642    .0274174
  _Ilastmin_3 |  -.1617129   .1549554    -1.04   0.297    -.4660753    .1426496
  _Ilastmin_4 |   .0474654   .1738592     0.27   0.785    -.2940277    .3889586
  _Ilastmin_5 |  -.2807652   .3340091    -0.84   0.401    -.9368239    .3752936
  _Imom_edn_2 |   .2089321   .2387064     0.88   0.382    -.2599335    .6777977
  _Imom_edn_3 |   .7674225   .3343155     2.30   0.022     .1107619    1.424083
  _Imom_edn_4 |   .0895758   .2487333     0.36   0.719    -.3989846    .5781361
  _Imom_edn_5 |  -.3448238   .3199434    -1.08   0.282    -.9732548    .2836073
  _Imom_edn_6 |   .0071594     .25442     0.03   0.978    -.4925708    .5068896
  _Imom_edn_7 |  -.0464845   .2802078    -0.17   0.868     -.596867    .5038981
  _Imom_edn_8 |   .2075143   .3882537     0.53   0.593    -.5550913    .9701199
  _Imom_edn_9 |  -.1098256   .2996022    -0.37   0.714    -.6983024    .4786512
  _Idad_edn_2 |   .2371496   .2364189     1.00   0.316     -.227223    .7015222
  _Idad_edn_3 |   .0305181   .3603075     0.08   0.933    -.6771957     .738232
  _Idad_edn_4 |   .4436276   .2472413     1.79   0.073    -.0420022    .9292575
  _Idad_edn_5 |   .3999524   .3003645     1.33   0.184    -.1900217    .9899265
  _Idad_edn_6 |   .5344773    .236015     2.26   0.024      .070898    .9980567
  _Idad_edn_7 |   .5126699   .2412688     2.12   0.034     .0387712    .9865686
  _Idad_edn_8 |   .4444291   .3142841     1.41   0.158    -.1728859    1.061744
  _Idad_edn_9 |   .5644361   .2943618     1.92   0.056    -.0137477     1.14262
        _cons |  -.4724785   .4586412    -1.03   0.303    -1.373339    .4283818
-------------------------------------------------------------------------------

    Variable |        Obs        Mean    Std. Dev.       Min        Max
-------------+---------------------------------------------------------
        var2 |        406    .9137931    .2810156          0          1
i.sex             _Isex_1-2           (_Isex_1 for sex==F omitted)
i.mtongue         _Imtongue_1-3       (_Imtongue_1 for mton~e==English omitted)
i.hsgroup         _Ihsgroup_1-3       (naturally coded; _Ihsgroup_1 omitted)
i.numcourses_~1   _Inumcourse_2-6     (naturally coded; _Inumcourse_2 omitted)
note: _Isex_2 omitted because of collinearity

Linear regression                               Number of obs     =        665
                                                F(10, 653)        =          .
                                                Prob > F          =          .
                                                R-squared         =     0.0392
                                                Root MSE          =     .28968

-------------------------------------------------------------------------------
              |               Robust
         var2 |      Coef.   Std. Err.      t    P>|t|     [95% Conf. Interval]
--------------+----------------------------------------------------------------
          ssp |   .0164406   .0287126     0.57   0.567    -.0399395    .0728207
          sfp |  -.0354956   .0364866    -0.97   0.331    -.1071408    .0361496
         sfsp |  -.0683676    .048492    -1.41   0.159    -.1635867    .0268516
      _Isex_2 |          0  (omitted)
  _Imtongue_2 |   .0272745   .0181033     1.51   0.132    -.0082732    .0628222
  _Imtongue_3 |   .0211333   .0248255     0.85   0.395    -.0276141    .0698807
  _Ihsgroup_2 |   .0027846   .0299415     0.09   0.926    -.0560086    .0615778
  _Ihsgroup_3 |   .0511217   .0256788     1.99   0.047     .0006987    .1015447
_Inumcourse_3 |   .0150087   .1908535     0.08   0.937    -.3597519    .3897693
_Inumcourse_4 |   .1596858   .1785989     0.89   0.372    -.1910116    .5103832
_Inumcourse_5 |   .1935588   .1782969     1.09   0.278    -.1565456    .5436632
_Inumcourse_6 |   .1658123   .1788641     0.93   0.354    -.1854059    .5170305
        _cons |    .728045   .1792661     4.06   0.000     .3760375    1.080052
-------------------------------------------------------------------------------
i.sex             _Isex_1-2           (_Isex_1 for sex==F omitted)
i.mtongue         _Imtongue_1-3       (_Imtongue_1 for mton~e==English omitted)
i.hsgroup         _Ihsgroup_1-3       (naturally coded; _Ihsgroup_1 omitted)
i.numcourses_~1   _Inumcourse_2-6     (naturally coded; _Inumcourse_2 omitted)
i.lastmin         _Ilastmin_1-5       (naturally coded; _Ilastmin_1 omitted)
i.mom_edn         _Imom_edn_1-9       (naturally coded; _Imom_edn_1 omitted)
i.dad_edn         _Idad_edn_1-9       (naturally coded; _Idad_edn_1 omitted)
note: _Isex_2 omitted because of collinearity

Linear regression                               Number of obs     =        594
                                                F(30, 562)        =          .
                                                Prob > F          =          .
                                                R-squared         =     0.0885
                                                Root MSE          =     .28451

-------------------------------------------------------------------------------
              |               Robust
         var2 |      Coef.   Std. Err.      t    P>|t|     [95% Conf. Interval]
--------------+----------------------------------------------------------------
          ssp |   .0161442   .0307869     0.52   0.600    -.0443273    .0766157
          sfp |  -.0512882   .0386281    -1.33   0.185    -.1271613     .024585
         sfsp |   -.088697   .0565258    -1.57   0.117    -.1997247    .0223306
      _Isex_2 |          0  (omitted)
  _Imtongue_2 |  -.0658347     .07073    -0.93   0.352    -.2047622    .0730928
  _Imtongue_3 |   .0059826   .0265521     0.23   0.822    -.0461709     .058136
  _Ihsgroup_2 |   .0132728   .0316715     0.42   0.675    -.0489363    .0754818
  _Ihsgroup_3 |   .0482731   .0273525     1.76   0.078    -.0054526    .1019987
_Inumcourse_3 |  -.1299778   .2155032    -0.60   0.547    -.5532678    .2933123
_Inumcourse_4 |   .0416303   .1967817     0.21   0.833    -.3448871    .4281477
_Inumcourse_5 |   .0612113    .196583     0.31   0.756    -.3249159    .4473384
_Inumcourse_6 |   .0315029   .1972265     0.16   0.873    -.3558882     .418894
  _Ilastmin_2 |   .0414239   .0310603     1.33   0.183    -.0195845    .1024323
  _Ilastmin_3 |  -.0745437   .0346414    -2.15   0.032    -.1425861   -.0065013
  _Ilastmin_4 |  -.0346081   .0356519    -0.97   0.332    -.1046354    .0354191
  _Ilastmin_5 |  -.0359871   .0617189    -0.58   0.560    -.1572151    .0852409
  _Imom_edn_2 |  -.0997831   .0647856    -1.54   0.124    -.2270347    .0274684
  _Imom_edn_3 |  -.0489124   .0868748    -0.56   0.574    -.2195514    .1217267
  _Imom_edn_4 |  -.1093569   .0698238    -1.57   0.118    -.2465044    .0277907
  _Imom_edn_5 |   .0175016   .0625129     0.28   0.780    -.1052858    .1402891
  _Imom_edn_6 |  -.0875604   .0662654    -1.32   0.187    -.2177185    .0425976
  _Imom_edn_7 |  -.0483483   .0621956    -0.78   0.437    -.1705126    .0738159
  _Imom_edn_8 |  -.0958305   .1058419    -0.91   0.366    -.3037246    .1120636
  _Imom_edn_9 |   -.016777    .080873    -0.21   0.836    -.1756273    .1420732
  _Idad_edn_2 |   .0184787   .0708693     0.26   0.794    -.1207224    .1576797
  _Idad_edn_3 |  -.0430947   .1219417    -0.35   0.724    -.2826119    .1964224
  _Idad_edn_4 |   .0682081   .0713876     0.96   0.340     -.072011    .2084273
  _Idad_edn_5 |   .0848344    .078287     1.08   0.279    -.0689365    .2386052
  _Idad_edn_6 |   .0825676   .0658469     1.25   0.210    -.0467686    .2119037
  _Idad_edn_7 |   .0763812   .0672907     1.14   0.257    -.0557907    .2085532
  _Idad_edn_8 |   .1273902   .0653234     1.95   0.052    -.0009175     .255698
  _Idad_edn_9 |  -.0289574   .0861134    -0.34   0.737    -.1981009     .140186
        _cons |   .9083909   .2033971     4.47   0.000     .5088796    1.307902
-------------------------------------------------------------------------------

    Variable |        Obs        Mean    Std. Dev.       Min        Max
-------------+---------------------------------------------------------
        var0 |        546    4.111722    .8482956         .5          6
i.sex             _Isex_1-2           (_Isex_1 for sex==F omitted)
i.mtongue         _Imtongue_1-3       (_Imtongue_1 for mton~e==English omitted)
i.hsgroup         _Ihsgroup_1-3       (naturally coded; _Ihsgroup_1 omitted)
i.numcourses_~1   _Inumcourse_2-6     (naturally coded; _Inumcourse_2 omitted)
note: _Isex_2 omitted because of collinearity

Linear regression                               Number of obs     =        906
                                                F(10, 894)        =          .
                                                Prob > F          =          .
                                                R-squared         =     0.1897
                                                Root MSE          =     .76173

-------------------------------------------------------------------------------
              |               Robust
         var0 |      Coef.   Std. Err.      t    P>|t|     [95% Conf. Interval]
--------------+----------------------------------------------------------------
          ssp |   .0723104   .0720597     1.00   0.316    -.0691155    .2137363
          sfp |   .1109066   .0659587     1.68   0.093    -.0185453    .2403585
         sfsp |  -.0457516   .0968085    -0.47   0.637      -.23575    .1442469
      _Isex_2 |          0  (omitted)
  _Imtongue_2 |   .0342768   .2194886     0.16   0.876    -.3964962    .4650499
  _Imtongue_3 |  -.0561734   .0553738    -1.01   0.311    -.1648512    .0525044
  _Ihsgroup_2 |  -.0254333   .0681829    -0.37   0.709    -.1592505    .1083838
  _Ihsgroup_3 |   .2556884   .0602948     4.24   0.000     .1373525    .3740243
_Inumcourse_3 |  -.0726219   .1690937    -0.43   0.668    -.4044887    .2592448
_Inumcourse_4 |   .5713287   .1040375     5.49   0.000     .3671424    .7755149
_Inumcourse_5 |   1.205362   .0971965    12.40   0.000     1.014602    1.396122
_Inumcourse_6 |   1.131078   .1073598    10.54   0.000     .9203714    1.341785
        _cons |   3.045752   .0968085    31.46   0.000     2.855753     3.23575
-------------------------------------------------------------------------------
i.sex             _Isex_1-2           (_Isex_1 for sex==F omitted)
i.mtongue         _Imtongue_1-3       (_Imtongue_1 for mton~e==English omitted)
i.hsgroup         _Ihsgroup_1-3       (naturally coded; _Ihsgroup_1 omitted)
i.numcourses_~1   _Inumcourse_2-6     (naturally coded; _Inumcourse_2 omitted)
i.lastmin         _Ilastmin_1-5       (naturally coded; _Ilastmin_1 omitted)
i.mom_edn         _Imom_edn_1-9       (naturally coded; _Imom_edn_1 omitted)
i.dad_edn         _Idad_edn_1-9       (naturally coded; _Idad_edn_1 omitted)
note: _Isex_2 omitted because of collinearity

Linear regression                               Number of obs     =        837
                                                F(30, 805)        =          .
                                                Prob > F          =          .
                                                R-squared         =     0.2136
                                                Root MSE          =     .75678

-------------------------------------------------------------------------------
              |               Robust
         var0 |      Coef.   Std. Err.      t    P>|t|     [95% Conf. Interval]
--------------+----------------------------------------------------------------
          ssp |   .0577827   .0773365     0.75   0.455    -.0940223    .2095877
          sfp |   .0925602   .0711721     1.30   0.194    -.0471446    .2322649
         sfsp |  -.1082917    .102647    -1.05   0.292    -.3097791    .0931957
      _Isex_2 |          0  (omitted)
  _Imtongue_2 |   .0418619   .2259033     0.19   0.853    -.4015671    .4852909
  _Imtongue_3 |  -.0634796   .0609679    -1.04   0.298    -.1831543    .0561951
  _Ihsgroup_2 |  -.0149027   .0713072    -0.21   0.835    -.1548727    .1250673
  _Ihsgroup_3 |   .2517335   .0639371     3.94   0.000     .1262304    .3772367
_Inumcourse_3 |  -.1131429   .2070041    -0.55   0.585    -.5194744    .2931887
_Inumcourse_4 |   .5877469   .1513047     3.88   0.000     .2907486    .8847451
_Inumcourse_5 |   1.226721   .1474112     8.32   0.000     .9373651    1.516077
_Inumcourse_6 |   1.131752    .158597     7.14   0.000     .8204399    1.443065
  _Ilastmin_2 |  -.0815507   .1000301    -0.82   0.415    -.2779013    .1147999
  _Ilastmin_3 |  -.0198706   .0876538    -0.23   0.821    -.1919277    .1521864
  _Ilastmin_4 |   -.035512   .0976091    -0.36   0.716    -.2271104    .1560865
  _Ilastmin_5 |   -.019521   .1280537    -0.15   0.879    -.2708797    .2318376
  _Imom_edn_2 |   .0539324   .1197427     0.45   0.653    -.1811124    .2889772
  _Imom_edn_3 |   .2819289   .1906315     1.48   0.140    -.0922645    .6561223
  _Imom_edn_4 |    .172381   .1214589     1.42   0.156    -.0660325    .4107945
  _Imom_edn_5 |   .1905408   .1584631     1.20   0.230    -.1205088    .5015905
  _Imom_edn_6 |    .018463   .1304576     0.14   0.887    -.2376142    .2745401
  _Imom_edn_7 |   .2286199   .1367005     1.67   0.095    -.0397115    .4969514
  _Imom_edn_8 |  -.1156873   .2038365    -0.57   0.570    -.5158011    .2844265
  _Imom_edn_9 |   .1481361   .1626882     0.91   0.363     -.171207    .4674792
  _Idad_edn_2 |  -.0070455    .111235    -0.06   0.950    -.2253904    .2112994
  _Idad_edn_3 |   .2084151   .1323595     1.57   0.116    -.0513953    .4682255
  _Idad_edn_4 |  -.0268924   .0996314    -0.27   0.787    -.2224604    .1686757
  _Idad_edn_5 |  -.1029282   .1509616    -0.68   0.496    -.3992531    .1933966
  _Idad_edn_6 |   .0390513   .1052796     0.37   0.711    -.1676037    .2457062
  _Idad_edn_7 |  -.0430064   .1162527    -0.37   0.712    -.2712006    .1851877
  _Idad_edn_8 |   .2287072    .158026     1.45   0.148    -.0814845    .5388989
  _Idad_edn_9 |   .0087815   .1408149     0.06   0.950    -.2676262    .2851892
        _cons |   2.978468   .2034756    14.64   0.000     2.579063    3.377873
-------------------------------------------------------------------------------

    Variable |        Obs        Mean    Std. Dev.       Min        Max
-------------+---------------------------------------------------------
        var1 |        546    1.046703     1.17899          0          5
i.sex             _Isex_1-2           (_Isex_1 for sex==F omitted)
i.mtongue         _Imtongue_1-3       (_Imtongue_1 for mton~e==English omitted)
i.hsgroup         _Ihsgroup_1-3       (naturally coded; _Ihsgroup_1 omitted)
i.numcourses_~1   _Inumcourse_2-6     (naturally coded; _Inumcourse_2 omitted)
note: _Isex_2 omitted because of collinearity

Linear regression                               Number of obs     =        906
                                                F(10, 894)        =          .
                                                Prob > F          =          .
                                                R-squared         =     0.1108
                                                Root MSE          =     1.1109

-------------------------------------------------------------------------------
              |               Robust
         var1 |      Coef.   Std. Err.      t    P>|t|     [95% Conf. Interval]
--------------+----------------------------------------------------------------
          ssp |   .1183974   .1157162     1.02   0.307    -.1087097    .3455045
          sfp |  -.0152218   .0960586    -0.16   0.874    -.2037484    .1733048
         sfsp |  -.1785918   .1157206    -1.54   0.123    -.4057074    .0485238
      _Isex_2 |          0  (omitted)
  _Imtongue_2 |   .4305472   .6208341     0.69   0.488    -.7879149    1.649009
  _Imtongue_3 |   .3195704   .0850443     3.76   0.000     .1526607    .4864802
  _Ihsgroup_2 |   .1884868   .0850788     2.22   0.027     .0215092    .3554643
  _Ihsgroup_3 |   .6747083   .0900964     7.49   0.000     .4978833    .8515333
_Inumcourse_3 |   .0881964   .1756978     0.50   0.616    -.2566318    .4330247
_Inumcourse_4 |   .4488554   .1330455     3.37   0.001     .1877374    .7099734
_Inumcourse_5 |   .6388086   .1268716     5.04   0.000     .3898076    .8878095
_Inumcourse_6 |    .312364   .1203917     2.59   0.010     .0760808    .5486472
        _cons |   .1785918   .1157206     1.54   0.123    -.0485238    .4057074
-------------------------------------------------------------------------------
i.sex             _Isex_1-2           (_Isex_1 for sex==F omitted)
i.mtongue         _Imtongue_1-3       (_Imtongue_1 for mton~e==English omitted)
i.hsgroup         _Ihsgroup_1-3       (naturally coded; _Ihsgroup_1 omitted)
i.numcourses_~1   _Inumcourse_2-6     (naturally coded; _Inumcourse_2 omitted)
i.lastmin         _Ilastmin_1-5       (naturally coded; _Ilastmin_1 omitted)
i.mom_edn         _Imom_edn_1-9       (naturally coded; _Imom_edn_1 omitted)
i.dad_edn         _Idad_edn_1-9       (naturally coded; _Idad_edn_1 omitted)
note: _Isex_2 omitted because of collinearity

Linear regression                               Number of obs     =        837
                                                F(30, 805)        =          .
                                                Prob > F          =          .
                                                R-squared         =     0.1231
                                                Root MSE          =     1.1283

-------------------------------------------------------------------------------
              |               Robust
         var1 |      Coef.   Std. Err.      t    P>|t|     [95% Conf. Interval]
--------------+----------------------------------------------------------------
          ssp |   .1323033   .1234737     1.07   0.284     -.110065    .3746716
          sfp |   -.004341   .1038947    -0.04   0.967    -.2082774    .1995955
         sfsp |  -.1531378   .1266879    -1.21   0.227    -.4018154    .0955399
      _Isex_2 |          0  (omitted)
  _Imtongue_2 |   .3664386   .6418244     0.57   0.568    -.8934083    1.626286
  _Imtongue_3 |   .3145714   .0945158     3.33   0.001     .1290448     .500098
  _Ihsgroup_2 |   .2000913    .090018     2.22   0.027     .0233936     .376789
  _Ihsgroup_3 |    .672861    .095548     7.04   0.000     .4853083    .8604137
_Inumcourse_3 |   .0252693   .2242777     0.11   0.910    -.4149688    .4655074
_Inumcourse_4 |   .5731913   .1979857     2.90   0.004     .1845621    .9618204
_Inumcourse_5 |   .7165643   .1865752     3.84   0.000      .350333    1.082795
_Inumcourse_6 |   .3913323   .1810735     2.16   0.031     .0359003    .7467642
  _Ilastmin_2 |   .1336305   .1425656     0.94   0.349    -.1462136    .4134747
  _Ilastmin_3 |   .0500497    .128226     0.39   0.696    -.2016471    .3017465
  _Ilastmin_4 |    .145213    .141253     1.03   0.304    -.1320547    .4224807
  _Ilastmin_5 |   .2354474   .2207493     1.07   0.286    -.1978649    .6687596
  _Imom_edn_2 |   .0912504   .1373571     0.66   0.507    -.1783699    .3608707
  _Imom_edn_3 |  -.1550735   .2376002    -0.65   0.514    -.6214625    .3113155
  _Imom_edn_4 |   .0984279   .1493023     0.66   0.510    -.1946398    .3914956
  _Imom_edn_5 |   .1540689   .2187053     0.70   0.481    -.2752311    .5833688
  _Imom_edn_6 |   .1173728   .1519485     0.77   0.440    -.1808893    .4156349
  _Imom_edn_7 |   .0130544   .2151179     0.06   0.952    -.4092038    .4353127
  _Imom_edn_8 |   .1359004   .2964209     0.46   0.647    -.4459488    .7177496
  _Imom_edn_9 |   .1483553   .2578165     0.58   0.565    -.3577167    .6544273
  _Idad_edn_2 |   .1019635   .1424745     0.72   0.474    -.1777019    .3816289
  _Idad_edn_3 |   .0999639   .2119801     0.47   0.637    -.3161351    .5160629
  _Idad_edn_4 |   .0944885   .1468254     0.64   0.520    -.1937173    .3826943
  _Idad_edn_5 |   .1255444   .2427568     0.52   0.605    -.3509667    .6020555
  _Idad_edn_6 |   .1312018   .1444256     0.91   0.364    -.1522933    .4146969
  _Idad_edn_7 |   .2695808   .1796651     1.50   0.134    -.0830865    .6222481
  _Idad_edn_8 |   .1323214   .2632753     0.50   0.615    -.3844658    .6491085
  _Idad_edn_9 |   .1473868   .2326119     0.63   0.527    -.3092106    .6039841
        _cons |  -.1924666   .2512975    -0.77   0.444    -.6857423    .3008091
-------------------------------------------------------------------------------

    Variable |        Obs        Mean    Std. Dev.       Min        Max
-------------+---------------------------------------------------------
        var2 |        546    .8772894    .3284056          0          1
i.sex             _Isex_1-2           (_Isex_1 for sex==F omitted)
i.mtongue         _Imtongue_1-3       (_Imtongue_1 for mton~e==English omitted)
i.hsgroup         _Ihsgroup_1-3       (naturally coded; _Ihsgroup_1 omitted)
i.numcourses_~1   _Inumcourse_2-6     (naturally coded; _Inumcourse_2 omitted)
note: _Isex_2 omitted because of collinearity

Linear regression                               Number of obs     =        906
                                                F(10, 894)        =          .
                                                Prob > F          =          .
                                                R-squared         =     0.0595
                                                Root MSE          =     .31886

-------------------------------------------------------------------------------
              |               Robust
         var2 |      Coef.   Std. Err.      t    P>|t|     [95% Conf. Interval]
--------------+----------------------------------------------------------------
          ssp |  -.0032996   .0305018    -0.11   0.914     -.063163    .0565639
          sfp |   .0340202   .0273879     1.24   0.215    -.0197319    .0877722
         sfsp |    -.01541    .041799    -0.37   0.712    -.0974455    .0666256
      _Isex_2 |          0  (omitted)
  _Imtongue_2 |   .0693716   .0259566     2.67   0.008     .0184286    .1203146
  _Imtongue_3 |   .0471592   .0217448     2.17   0.030     .0044825    .0898359
  _Ihsgroup_2 |  -.0080322   .0299236    -0.27   0.788    -.0667609    .0506965
  _Ihsgroup_3 |   .0730603    .025739     2.84   0.005     .0225444    .1235763
_Inumcourse_3 |  -.4677323   .0952004    -4.91   0.000    -.6545745   -.2808901
_Inumcourse_4 |  -.2116626    .048511    -4.36   0.000    -.3068713   -.1164539
_Inumcourse_5 |  -.1366974   .0466518    -2.93   0.003    -.2282572   -.0451377
_Inumcourse_6 |  -.1749449   .0445146    -3.93   0.000    -.2623102   -.0875795
        _cons |    1.01541    .041799    24.29   0.000     .9333744    1.097446
-------------------------------------------------------------------------------
i.sex             _Isex_1-2           (_Isex_1 for sex==F omitted)
i.mtongue         _Imtongue_1-3       (_Imtongue_1 for mton~e==English omitted)
i.hsgroup         _Ihsgroup_1-3       (naturally coded; _Ihsgroup_1 omitted)
i.numcourses_~1   _Inumcourse_2-6     (naturally coded; _Inumcourse_2 omitted)
i.lastmin         _Ilastmin_1-5       (naturally coded; _Ilastmin_1 omitted)
i.mom_edn         _Imom_edn_1-9       (naturally coded; _Imom_edn_1 omitted)
i.dad_edn         _Idad_edn_1-9       (naturally coded; _Idad_edn_1 omitted)
note: _Isex_2 omitted because of collinearity

Linear regression                               Number of obs     =        837
                                                F(30, 805)        =          .
                                                Prob > F          =          .
                                                R-squared         =     0.0883
                                                Root MSE          =      .3185

-------------------------------------------------------------------------------
              |               Robust
         var2 |      Coef.   Std. Err.      t    P>|t|     [95% Conf. Interval]
--------------+----------------------------------------------------------------
          ssp |  -.0126041   .0324623    -0.39   0.698    -.0763249    .0511166
          sfp |   .0212322   .0291989     0.73   0.467    -.0360828    .0785472
         sfsp |  -.0110742   .0438044    -0.25   0.800    -.0970585    .0749102
      _Isex_2 |          0  (omitted)
  _Imtongue_2 |   .1112068   .0429956     2.59   0.010     .0268101    .1956035
  _Imtongue_3 |   .0680607   .0226823     3.00   0.003     .0235372    .1125841
  _Ihsgroup_2 |  -.0030781   .0311223    -0.10   0.921    -.0641685    .0580122
  _Ihsgroup_3 |   .0729234   .0276617     2.64   0.009     .0186259    .1272209
_Inumcourse_3 |  -.5027344   .1093321    -4.60   0.000     -.717344   -.2881248
_Inumcourse_4 |  -.2306664   .0679233    -3.40   0.001    -.3639941   -.0973387
_Inumcourse_5 |  -.1540227   .0654947    -2.35   0.019    -.2825832   -.0254622
_Inumcourse_6 |   -.187525   .0634401    -2.96   0.003    -.3120526   -.0629974
  _Ilastmin_2 |   -.059819    .034594    -1.73   0.084     -.127724     .008086
  _Ilastmin_3 |  -.0516143   .0311561    -1.66   0.098    -.1127712    .0095426
  _Ilastmin_4 |  -.1045617   .0373749    -2.80   0.005    -.1779255    -.031198
  _Ilastmin_5 |  -.0517249   .0497882    -1.04   0.299     -.149455    .0460052
  _Imom_edn_2 |  -.0638795   .0452636    -1.41   0.159     -.152728     .024969
  _Imom_edn_3 |  -.0324515   .0665811    -0.49   0.626    -.1631446    .0982416
  _Imom_edn_4 |  -.0339787   .0487006    -0.70   0.486    -.1295739    .0616165
  _Imom_edn_5 |  -.0163721   .0639445    -0.26   0.798    -.1418898    .1091455
  _Imom_edn_6 |  -.0836941   .0499989    -1.67   0.095    -.1818376    .0144495
  _Imom_edn_7 |  -.0937916   .0610292    -1.54   0.125    -.2135866    .0260035
  _Imom_edn_8 |   .0073392   .0481097     0.15   0.879    -.0870961    .1017746
  _Imom_edn_9 |  -.1470667   .0759815    -1.94   0.053     -.296212    .0020787
  _Idad_edn_2 |   .0231354   .0464011     0.50   0.618    -.0679461    .1142168
  _Idad_edn_3 |  -.0017953   .0793301    -0.02   0.982    -.1575136    .1539231
  _Idad_edn_4 |  -.0134247   .0513689    -0.26   0.794    -.1142574     .087408
  _Idad_edn_5 |  -.0340782   .0788908    -0.43   0.666    -.1889341    .1207777
  _Idad_edn_6 |   .0272547   .0462586     0.59   0.556     -.063547    .1180564
  _Idad_edn_7 |   .0329257   .0515706     0.64   0.523     -.068303    .1341544
  _Idad_edn_8 |   .0504285   .0602697     0.84   0.403    -.0678757    .1687328
  _Idad_edn_9 |   .0987519   .0626473     1.58   0.115    -.0242196    .2217233
        _cons |   1.126479   .0791703    14.23   0.000     .9710746    1.281884
-------------------------------------------------------------------------------

.         
.         mat colnames t2= numc_bas numc_all msci_bas msci_all csrv_bas csvr_all 

.         mat rownames t2= all Cont_Mean "x" ssp "x" sfp "x" sfsp "x" obs ///
>                 males Cont_Mean "x" ssp "x" sfp "x" sfsp "x" obs ///
>                 females Cont_Mean "x" ssp "x" sfp "x" sfsp "x" obs 

.         mat li t2

t2[30,6]
             numc_bas    numc_all    msci_bas    msci_all    csrv_bas    csvr_all
      all           .           .           .           .           .           .
Cont_Mean   4.0488445           .   1.0945378           .   .89285714           .
        x   .89276725           .   1.2059228           .   .30945736           .
      ssp   .07647283   .04930575   .07253876   .08061106   .00391213   .00014191
        x   .05580033   .06034428   .08481269   .09064481   .02153478   .02289862
      sfp   .01978029   .03730721   .09622999    .1154333   .00690347  -.00376076
        x   .05560022   .05424555   .08031358   .08579227   .02194963   .02321958
     sfsp  -.06975146  -.08629356  -.14832671  -.13897926  -.03923332  -.04143912
        x   .07427003     .080961   .09447512   .10365917   .03156259   .03422135
      obs        1571        1431        1571        1431        1571        1431
    males           .           .           .           .           .           .
Cont_Mean   3.9642857           .    1.158867           .    .9137931           .
        x   .94376726           .    1.239776           .   .28101561           .
      ssp   .08044469   .03156532   .01234573   .02032211   .01644061   .01614419
        x   .08820033   .10115206   .12630854   .13873907   .02871257   .03078695
      sfp  -.12322051  -.06289567   .27590084   .34375891  -.03549563  -.05128817
        x   .09789086   .08893698   .13833548   .14939111   .03648659   .03862813
     sfsp   -.1330113  -.11527988  -.11675606   -.0481567  -.06836759  -.08869705
        x   .11663908   .13747684   .15995243   .18384104   .04849205   .05652578
      obs         665         594         665         594         665         594
  females           .           .           .           .           .           .
Cont_Mean   4.1117216           .   1.0467033           .   .87728938           .
        x   .84829563           .   1.1789897           .   .32840562           .
      ssp   .07231039   .05778272   .11839736   .13230332  -.00329959  -.01260413
        x   .07205969    .0773365   .11571622   .12347366   .03050179   .03246232
      sfp   .11090664   .09256015   -.0152218  -.00434097   .03402016   .02123225
        x   .06595868   .07117206    .0960586   .10389469    .0273879   .02919892
     sfsp  -.04575158  -.10829167  -.17859182  -.15313778  -.01540997  -.01107418
        x   .09680852   .10264703   .11572056   .12668791   .04179899   .04380441
      obs         906         837         906         837         906         837

.         
. log close
      name:  <unnamed>
       log:  /Users/youpengzhang/Desktop/2018_CGS/referee_report/STARdatapost/DIRECTORY HERE\Table2.log
  log type:  text
 closed on:  28 Jun 2018, 20:00:08
--------------------------------------------------------------------------------------------------------------------------------------------------------------------------------------------------------
