---------------------------------------------------------------------------------------------------------------------
      name:  <unnamed>
       log:  /Users/youpengzhang/Desktop/2018_CGS/referee_report/STARdatapost/DIRECTORY HERE\Table5.log
  log type:  text
 opened on:  27 Jul 2018, 16:51:31

. 
. ****************************************************************
. * PROGRAM: STAR_Table5
. * PROGRAMMER: Bruno Ferman (based on program written by Simone Schaner)
. * PURPOSE: Makes Table 5 of Angrist, Lang and Oreopoulos (2008) 
. *****************************************************************
. 
. clear

. use "/Users/youpengzhang/Desktop/2018_CGS/referee_report/empirics/STARdatapost/STAR_public_use.dta"

. set mem 50m
set memory ignored.
    Memory no longer needs to be set in modern Statas; memory adjustments are performed on the fly automatically.

. set more off

. set linesize 200

. 
. use STAR_public_use, clear      

. 
. keep if noshow==0
(85 observations deleted)

. 
. local basic  i.sex i.mtongue i.hsgroup i.numcourses_nov1

. local all   i.sex i.mtongue i.hsgroup i.numcourses_nov1 i.lastmin i.mom_edn i.dad_edn

. 
. mat t5=J(24,6,.)

. 
. local i=0

. local j=1

. 
. g byte group1= 1

. g byte group2= sex=="M"

. g byte group3= sex=="F"

. g byte sspany= ssp | sfsp

. 
. replace GPA_year1=. if grade_20059_fall==. /*ONLY DO GPA FOR FALL GRADE SAMPLE*/
(159 real changes made, 159 to missing)

. replace grade_20059_fall=. if GPA_year1==. /*ONLY DO FALL GRADE FOR GPA SAMPLE*/
(24 real changes made, 24 to missing)

. 
. foreach var in grade_20059_fall GPA_year1 { //dependent variables
  2.         foreach group in 1 2 3 {   //three groups
  3.         g var`i'=`var'
  4.         xi: reg var`i' ssp sfp sfsp `all' if group`group', r  //all controls
  5.                 mat t5[`j'+3,`group']=_b[ssp]
  6.                 mat t5[`j'+4,`group']=_se[ssp]
  7.                 mat t5[`j'+7,`group']=_b[sfp]
  8.                 mat t5[`j'+8,`group']=_se[sfp]
  9.                 mat t5[`j'+9,`group']=_b[sfsp]
 10.                 mat t5[`j'+10,`group']=_se[sfsp]
 11.                 mat t5[`j'+11,`group']=e(N)
 12.         qui sum var`i' if e(sample) & cont
 13.                 mat t5[`j'+1,`group']=r(mean)
 14.                 mat t5[`j'+2,`group']=r(sd)
 15.                 
.         xi: reg var`i' ssp sfpany `all' if group`group', r
 16.                 mat t5[`j'+3,`group'+3]=_b[ssp]
 17.                 mat t5[`j'+4,`group'+3]=_se[ssp]
 18.                 mat t5[`j'+5,`group'+3]=_b[sfp]
 19.                 mat t5[`j'+6,`group'+3]=_se[sfp]
 20.                 mat t5[`j'+11,`group'+3]=e(N)
 21.         qui sum var`i' if e(sample) & cont
 22.                 mat t5[`j'+1,`group'+3]=r(mean)
 23.                 mat t5[`j'+2,`group'+3]=r(sd)
 24.                 
.                 drop var`i'
 25.         local ++i
 26.         }       
 27.         local j=`j'+12
 28.         }
(197 missing values generated)
i.sex             _Isex_1-2           (_Isex_1 for sex==F omitted)
i.mtongue         _Imtongue_1-3       (_Imtongue_1 for mton~e==English omitted)
i.hsgroup         _Ihsgroup_1-3       (naturally coded; _Ihsgroup_1 omitted)
i.numcourses_~1   _Inumcourse_2-6     (naturally coded; _Inumcourse_2 omitted)
i.lastmin         _Ilastmin_1-5       (naturally coded; _Ilastmin_1 omitted)
i.mom_edn         _Imom_edn_1-9       (naturally coded; _Imom_edn_1 omitted)
i.dad_edn         _Idad_edn_1-9       (naturally coded; _Idad_edn_1 omitted)

Linear regression                               Number of obs     =      1,255
                                                F(32, 1222)       =       4.44
                                                Prob > F          =     0.0000
                                                R-squared         =     0.0966
                                                Root MSE          =     11.066

-------------------------------------------------------------------------------
              |               Robust
         var0 |      Coef.   Std. Err.      t    P>|t|     [95% Conf. Interval]
--------------+----------------------------------------------------------------
          ssp |   .3492964   .9173865     0.38   0.703    -1.450531    2.149124
          sfp |   1.824127   .8465341     2.15   0.031     .1633055    3.484948
         sfsp |   2.702087   1.124421     2.40   0.016     .4960775    4.908097
      _Isex_2 |   2.389798   .6589355     3.63   0.000     1.097028    3.682568
  _Imtongue_2 |  -6.568173   2.977586    -2.21   0.028    -12.40992   -.7264263
  _Imtongue_3 |  -1.989015   .6970312    -2.85   0.004    -3.356526   -.6215049
  _Ihsgroup_2 |   3.610421   .8103568     4.46   0.000     2.020576    5.200266
  _Ihsgroup_3 |   7.166305   .8054842     8.90   0.000      5.58602    8.746591
_Inumcourse_3 |   .7221224   3.772674     0.19   0.848    -6.679513    8.123758
_Inumcourse_4 |  -.1662021   3.221151    -0.05   0.959    -6.485801    6.153396
_Inumcourse_5 |  -.9693464   3.243489    -0.30   0.765    -7.332771    5.394078
_Inumcourse_6 |  -1.056138   3.222617    -0.33   0.743    -7.378613    5.266337
  _Ilastmin_2 |   .1761839   1.095664     0.16   0.872    -1.973408    2.325776
  _Ilastmin_3 |   .8255686   .9901041     0.83   0.405    -1.116924    2.768061
  _Ilastmin_4 |  -.0430109   1.094061    -0.04   0.969    -2.189456    2.103434
  _Ilastmin_5 |   .5673296   1.565957     0.36   0.717    -2.504932    3.639591
  _Imom_edn_2 |  -.0837595   1.691526    -0.05   0.961    -3.402377    3.234858
  _Imom_edn_3 |   3.324421   2.046002     1.62   0.104    -.6896456    7.338488
  _Imom_edn_4 |   1.117901   1.719681     0.65   0.516    -2.255953    4.491755
  _Imom_edn_5 |  -1.988846   2.257997    -0.88   0.379    -6.418827    2.441135
  _Imom_edn_6 |   .4520501   1.733182     0.26   0.794    -2.948291    3.852391
  _Imom_edn_7 |   .0537231   2.047629     0.03   0.979    -3.963535    4.070981
  _Imom_edn_8 |  -1.735797   2.608387    -0.67   0.506    -6.853211    3.381617
  _Imom_edn_9 |   .8461055   2.240491     0.38   0.706    -3.549529     5.24174
  _Idad_edn_2 |  -.5741367   1.461522    -0.39   0.695    -3.441508    2.293234
  _Idad_edn_3 |   2.004349    1.56425     1.28   0.200    -1.064566    5.073263
  _Idad_edn_4 |  -.9372172   1.449277    -0.65   0.518    -3.780563    1.906129
  _Idad_edn_5 |  -.7766269   1.857746    -0.42   0.676    -4.421351    2.868097
  _Idad_edn_6 |  -.3692643   1.401621    -0.26   0.792    -3.119115    2.380587
  _Idad_edn_7 |   .2953192   1.447536     0.20   0.838    -2.544612    3.135251
  _Idad_edn_8 |   1.703956    1.73948     0.98   0.327    -1.708742    5.116655
  _Idad_edn_9 |  -1.218999   2.055893    -0.59   0.553    -5.252469    2.814472
        _cons |    60.4774   3.725297    16.23   0.000     53.16872    67.78609
-------------------------------------------------------------------------------
i.sex             _Isex_1-2           (_Isex_1 for sex==F omitted)
i.mtongue         _Imtongue_1-3       (_Imtongue_1 for mton~e==English omitted)
i.hsgroup         _Ihsgroup_1-3       (naturally coded; _Ihsgroup_1 omitted)
i.numcourses_~1   _Inumcourse_2-6     (naturally coded; _Inumcourse_2 omitted)
i.lastmin         _Ilastmin_1-5       (naturally coded; _Ilastmin_1 omitted)
i.mom_edn         _Imom_edn_1-9       (naturally coded; _Imom_edn_1 omitted)
i.dad_edn         _Idad_edn_1-9       (naturally coded; _Idad_edn_1 omitted)

Linear regression                               Number of obs     =      1,255
                                                F(31, 1223)       =       4.59
                                                Prob > F          =     0.0000
                                                R-squared         =     0.0963
                                                Root MSE          =     11.063

-------------------------------------------------------------------------------
              |               Robust
         var0 |      Coef.   Std. Err.      t    P>|t|     [95% Conf. Interval]
--------------+----------------------------------------------------------------
          ssp |   .3443608   .9167906     0.38   0.707    -1.454296    2.143017
       sfpany |   2.125289   .7305966     2.91   0.004     .6919269     3.55865
      _Isex_2 |   2.391988   .6592365     3.63   0.000     1.098628    3.685348
  _Imtongue_2 |  -6.617333   2.976948    -2.22   0.026    -12.45782   -.7768426
  _Imtongue_3 |  -1.988049   .6973056    -2.85   0.004    -3.356096   -.6200008
  _Ihsgroup_2 |   3.609786   .8102366     4.46   0.000     2.020178    5.199394
  _Ihsgroup_3 |   7.154964   .8043028     8.90   0.000     5.576998     8.73293
_Inumcourse_3 |   .3018348   3.629625     0.08   0.934    -6.819147    7.422817
_Inumcourse_4 |  -.6012541   3.036509    -0.20   0.843    -6.558599     5.35609
_Inumcourse_5 |  -1.391534   3.057984    -0.46   0.649     -7.39101    4.607943
_Inumcourse_6 |  -1.480179   3.038124    -0.49   0.626    -7.440691    4.480333
  _Ilastmin_2 |   .1396589   1.090414     0.13   0.898     -1.99963    2.278948
  _Ilastmin_3 |   .8103612   .9895602     0.82   0.413    -1.131063    2.751785
  _Ilastmin_4 |  -.0439782   1.093797    -0.04   0.968    -2.189905    2.101948
  _Ilastmin_5 |   .5444429   1.565081     0.35   0.728    -2.526098    3.614984
  _Imom_edn_2 |  -.0755275   1.688909    -0.04   0.964    -3.389008    3.237953
  _Imom_edn_3 |    3.29796   2.050808     1.61   0.108    -.7255309    7.321452
  _Imom_edn_4 |   1.110654   1.718786     0.65   0.518    -2.261441     4.48275
  _Imom_edn_5 |  -1.990191   2.251707    -0.88   0.377    -6.407828    2.427446
  _Imom_edn_6 |    .451991   1.731607     0.26   0.794    -2.945258     3.84924
  _Imom_edn_7 |   .0391489   2.047692     0.02   0.985    -3.978229    4.056527
  _Imom_edn_8 |  -1.733065   2.605516    -0.67   0.506    -6.844841    3.378712
  _Imom_edn_9 |    .845655   2.235992     0.38   0.705    -3.541151    5.232461
  _Idad_edn_2 |  -.5808785   1.461781    -0.40   0.691    -3.448756    2.286998
  _Idad_edn_3 |   1.954615    1.55963     1.25   0.210    -1.105231    5.014461
  _Idad_edn_4 |  -.9265397     1.4493    -0.64   0.523    -3.769929    1.916849
  _Idad_edn_5 |  -.7888625   1.855422    -0.43   0.671    -4.429025      2.8513
  _Idad_edn_6 |  -.3841633   1.400289    -0.27   0.784    -3.131398    2.363072
  _Idad_edn_7 |   .3018188   1.448486     0.21   0.835    -2.539975    3.143612
  _Idad_edn_8 |   1.705926   1.737209     0.98   0.326    -1.702315    5.114167
  _Idad_edn_9 |  -1.238296   2.051913    -0.60   0.546    -5.263956    2.787364
        _cons |   60.92917   3.563084    17.10   0.000     53.93873     67.9196
-------------------------------------------------------------------------------
(197 missing values generated)
i.sex             _Isex_1-2           (_Isex_1 for sex==F omitted)
i.mtongue         _Imtongue_1-3       (_Imtongue_1 for mton~e==English omitted)
i.hsgroup         _Ihsgroup_1-3       (naturally coded; _Ihsgroup_1 omitted)
i.numcourses_~1   _Inumcourse_2-6     (naturally coded; _Inumcourse_2 omitted)
i.lastmin         _Ilastmin_1-5       (naturally coded; _Ilastmin_1 omitted)
i.mom_edn         _Imom_edn_1-9       (naturally coded; _Imom_edn_1 omitted)
i.dad_edn         _Idad_edn_1-9       (naturally coded; _Idad_edn_1 omitted)
note: _Isex_2 omitted because of collinearity

Linear regression                               Number of obs     =        526
                                                F(30, 494)        =          .
                                                Prob > F          =          .
                                                R-squared         =     0.1054
                                                Root MSE          =     10.665

-------------------------------------------------------------------------------
              |               Robust
         var1 |      Coef.   Std. Err.      t    P>|t|     [95% Conf. Interval]
--------------+----------------------------------------------------------------
          ssp |   -.026843   1.333816    -0.02   0.984    -2.647495    2.593809
          sfp |   .3309282   1.233244     0.27   0.789    -2.092122    2.753978
         sfsp |  -.5729658   2.009767    -0.29   0.776     -4.52171    3.375779
      _Isex_2 |          0  (omitted)
  _Imtongue_2 |  -6.298443   3.403138    -1.85   0.065    -12.98485    .3879678
  _Imtongue_3 |  -.4100293    1.03217    -0.40   0.691    -2.438014    1.617956
  _Ihsgroup_2 |   4.608335    1.21148     3.80   0.000     2.228045    6.988624
  _Ihsgroup_3 |   7.212395   1.199056     6.02   0.000     4.856517    9.568274
_Inumcourse_3 |  -4.344956   4.770418    -0.91   0.363    -13.71777    5.027856
_Inumcourse_4 |   -2.53314    3.85157    -0.66   0.511    -10.10062    5.034339
_Inumcourse_5 |    -4.2338   3.938472    -1.07   0.283    -11.97202    3.504421
_Inumcourse_6 |  -3.866481   3.862555    -1.00   0.317    -11.45554     3.72258
  _Ilastmin_2 |   1.865816   1.374525     1.36   0.175    -.8348187    4.566452
  _Ilastmin_3 |   .9208581   1.309382     0.70   0.482    -1.651787    3.493503
  _Ilastmin_4 |   -.118483   1.457707    -0.08   0.935    -2.982554    2.745588
  _Ilastmin_5 |  -.2302795   3.239014    -0.07   0.943    -6.594222    6.133663
  _Imom_edn_2 |  -2.633337   2.883302    -0.91   0.362    -8.298385    3.031711
  _Imom_edn_3 |   -6.49343   3.457425    -1.88   0.061     -13.2865    .2996406
  _Imom_edn_4 |  -1.917997   3.052353    -0.63   0.530    -7.915193    4.079198
  _Imom_edn_5 |  -1.828642   3.707756    -0.49   0.622    -9.113559    5.456275
  _Imom_edn_6 |  -3.519619    2.96834    -1.19   0.236    -9.351747    2.312509
  _Imom_edn_7 |  -2.877674   3.187938    -0.90   0.367    -9.141263    3.385916
  _Imom_edn_8 |  -2.801153   3.979282    -0.70   0.482    -10.61956    5.017251
  _Imom_edn_9 |  -2.731448   3.560196    -0.77   0.443    -9.726441    4.263546
  _Idad_edn_2 |  -5.411589    2.29271    -2.36   0.019    -9.916254   -.9069229
  _Idad_edn_3 |  -.4675308   2.531293    -0.18   0.854    -5.440959    4.505897
  _Idad_edn_4 |  -3.622566   2.427959    -1.49   0.136    -8.392966    1.147834
  _Idad_edn_5 |  -2.908101   2.751647    -1.06   0.291    -8.314476    2.498274
  _Idad_edn_6 |  -3.816915    2.20061    -1.73   0.083    -8.140624    .5067947
  _Idad_edn_7 |  -2.431135   2.176317    -1.12   0.265    -6.707114    1.844844
  _Idad_edn_8 |  -2.513467   2.502284    -1.00   0.316    -7.429899    2.402964
  _Idad_edn_9 |  -3.252442   3.506173    -0.93   0.354    -10.14129    3.636409
        _cons |   71.25525   4.628934    15.39   0.000     62.16042    80.35007
-------------------------------------------------------------------------------
i.sex             _Isex_1-2           (_Isex_1 for sex==F omitted)
i.mtongue         _Imtongue_1-3       (_Imtongue_1 for mton~e==English omitted)
i.hsgroup         _Ihsgroup_1-3       (naturally coded; _Ihsgroup_1 omitted)
i.numcourses_~1   _Inumcourse_2-6     (naturally coded; _Inumcourse_2 omitted)
i.lastmin         _Ilastmin_1-5       (naturally coded; _Ilastmin_1 omitted)
i.mom_edn         _Imom_edn_1-9       (naturally coded; _Imom_edn_1 omitted)
i.dad_edn         _Idad_edn_1-9       (naturally coded; _Idad_edn_1 omitted)
note: _Isex_2 omitted because of collinearity

Linear regression                               Number of obs     =        526
                                                F(29, 495)        =          .
                                                Prob > F          =          .
                                                R-squared         =     0.1051
                                                Root MSE          =     10.656

-------------------------------------------------------------------------------
              |               Robust
         var1 |      Coef.   Std. Err.      t    P>|t|     [95% Conf. Interval]
--------------+----------------------------------------------------------------
          ssp |  -.0137588   1.331848    -0.01   0.992    -2.630532    2.603015
       sfpany |   .0161591   1.163865     0.01   0.989    -2.270566    2.302884
      _Isex_2 |          0  (omitted)
  _Imtongue_2 |  -6.253567   3.444482    -1.82   0.070    -13.02118    .5140415
  _Imtongue_3 |  -.4231962   1.027648    -0.41   0.681    -2.442286    1.595894
  _Ihsgroup_2 |   4.593316   1.207117     3.81   0.000      2.22161    6.965021
  _Ihsgroup_3 |   7.203808   1.197679     6.01   0.000     4.850646    9.556969
_Inumcourse_3 |  -3.945349   4.684066    -0.84   0.400    -13.14845    5.257754
_Inumcourse_4 |  -2.142547   3.794031    -0.56   0.573    -9.596938    5.311844
_Inumcourse_5 |  -3.863247   3.871477    -1.00   0.319     -11.4698    3.743307
_Inumcourse_6 |  -3.490394   3.814379    -0.92   0.361    -10.98476    4.003976
  _Ilastmin_2 |   1.900099   1.369407     1.39   0.166    -.7904677    4.590665
  _Ilastmin_3 |   .9287935   1.307907     0.71   0.478    -1.640941    3.498528
  _Ilastmin_4 |  -.1335797   1.460914    -0.09   0.927    -3.003937    2.736778
  _Ilastmin_5 |  -.2141518   3.232701    -0.07   0.947    -6.565659    6.137355
  _Imom_edn_2 |  -2.617625   2.896507    -0.90   0.367    -8.308588    3.073339
  _Imom_edn_3 |  -6.420272   3.475868    -1.85   0.065    -13.24955    .4090023
  _Imom_edn_4 |  -1.916642   3.060638    -0.63   0.531    -7.930086    4.096801
  _Imom_edn_5 |  -1.861503   3.713765    -0.50   0.616    -9.158188    5.435183
  _Imom_edn_6 |  -3.495056   2.990236    -1.17   0.243    -9.370176    2.380063
  _Imom_edn_7 |  -2.834444    3.20987    -0.88   0.378    -9.141094    3.472207
  _Imom_edn_8 |  -2.866909     3.9474    -0.73   0.468    -10.62263    4.888816
  _Imom_edn_9 |  -2.749669    3.55756    -0.77   0.440    -9.739449    4.240112
  _Idad_edn_2 |  -5.425532   2.289469    -2.37   0.018    -9.923808   -.9272555
  _Idad_edn_3 |   -.422981   2.515168    -0.17   0.867    -5.364703    4.518741
  _Idad_edn_4 |  -3.642764   2.430111    -1.50   0.135    -8.417369    1.131841
  _Idad_edn_5 |   -2.93771   2.758814    -1.06   0.287    -8.358139    2.482719
  _Idad_edn_6 |  -3.834575   2.208439    -1.74   0.083    -8.173644    .5044952
  _Idad_edn_7 |  -2.446978    2.17714    -1.12   0.262    -6.724553    1.830597
  _Idad_edn_8 |  -2.532353   2.505778    -1.01   0.313    -7.455626     2.39092
  _Idad_edn_9 |  -3.261368   3.504693    -0.93   0.353    -10.14728     3.62454
        _cons |   70.88116   4.649941    15.24   0.000     61.74511    80.01722
-------------------------------------------------------------------------------
(197 missing values generated)
i.sex             _Isex_1-2           (_Isex_1 for sex==F omitted)
i.mtongue         _Imtongue_1-3       (_Imtongue_1 for mton~e==English omitted)
i.hsgroup         _Ihsgroup_1-3       (naturally coded; _Ihsgroup_1 omitted)
i.numcourses_~1   _Inumcourse_2-6     (naturally coded; _Inumcourse_2 omitted)
i.lastmin         _Ilastmin_1-5       (naturally coded; _Ilastmin_1 omitted)
i.mom_edn         _Imom_edn_1-9       (naturally coded; _Imom_edn_1 omitted)
i.dad_edn         _Idad_edn_1-9       (naturally coded; _Idad_edn_1 omitted)
note: _Isex_2 omitted because of collinearity

Linear regression                               Number of obs     =        729
                                                F(30, 697)        =          .
                                                Prob > F          =          .
                                                R-squared         =     0.1229
                                                Root MSE          =     11.305

-------------------------------------------------------------------------------
              |               Robust
         var2 |      Coef.   Std. Err.      t    P>|t|     [95% Conf. Interval]
--------------+----------------------------------------------------------------
          ssp |   .7367144   1.275444     0.58   0.564    -1.767458    3.240886
          sfp |   2.602009   1.176146     2.21   0.027     .2927965    4.911222
         sfsp |   4.205266   1.325483     3.17   0.002     1.602849    6.807684
      _Isex_2 |          0  (omitted)
  _Imtongue_2 |  -7.294636   3.424672    -2.13   0.034    -14.01855    -.570727
  _Imtongue_3 |  -2.921851   .9610196    -3.04   0.002    -4.808691   -1.035011
  _Ihsgroup_2 |   3.185408   1.117362     2.85   0.004     .9916097    5.379206
  _Ihsgroup_3 |   7.112095   1.071502     6.64   0.000     5.008337    9.215853
_Inumcourse_3 |    .547309   3.412991     0.16   0.873    -6.153666    7.248284
_Inumcourse_4 |   -.898446    2.30966    -0.39   0.697    -5.433171     3.63628
_Inumcourse_5 |  -1.221243   2.319559    -0.53   0.599    -5.775402    3.332917
_Inumcourse_6 |  -1.533676   2.251068    -0.68   0.496    -5.953363    2.886012
  _Ilastmin_2 |  -.8286212   1.662954    -0.50   0.618     -4.09362    2.436378
  _Ilastmin_3 |   .6640977    1.48607     0.45   0.655    -2.253613    3.581808
  _Ilastmin_4 |  -.1487449   1.660945    -0.09   0.929    -3.409801    3.112311
  _Ilastmin_5 |   .7012814   1.924087     0.36   0.716     -3.07642    4.478983
  _Imom_edn_2 |   .7900339   2.161265     0.37   0.715    -3.453336    5.033403
  _Imom_edn_3 |   8.032237   2.337586     3.44   0.001     3.442682    12.62179
  _Imom_edn_4 |   2.129173   2.147444     0.99   0.322    -2.087061    6.345407
  _Imom_edn_5 |  -2.760533   2.904725    -0.95   0.342    -8.463593    2.942527
  _Imom_edn_6 |   1.760431   2.190521     0.80   0.422     -2.54038    6.061242
  _Imom_edn_7 |   .6966651   2.833415     0.25   0.806    -4.866387    6.259717
  _Imom_edn_8 |  -2.356143   3.567189    -0.66   0.509    -9.359866     4.64758
  _Imom_edn_9 |   1.995516   3.038787     0.66   0.512    -3.970758     7.96179
  _Idad_edn_2 |   1.585402   1.822615     0.87   0.385    -1.993072    5.163876
  _Idad_edn_3 |   2.371612   2.014518     1.18   0.239     -1.58364    6.326863
  _Idad_edn_4 |  -.0669445   1.755848    -0.04   0.970     -3.51433    3.380441
  _Idad_edn_5 |   -.727817   2.506365    -0.29   0.772    -5.648747    4.193113
  _Idad_edn_6 |   1.094106    1.81463     0.60   0.547    -2.468689    4.656902
  _Idad_edn_7 |   1.531096   1.914213     0.80   0.424    -2.227219    5.289411
  _Idad_edn_8 |   4.185696   2.460829     1.70   0.089    -.6458295    9.017222
  _Idad_edn_9 |   -1.09539   2.507822    -0.44   0.662     -6.01918      3.8284
        _cons |    59.2289   3.087455    19.18   0.000     53.16708    65.29073
-------------------------------------------------------------------------------
i.sex             _Isex_1-2           (_Isex_1 for sex==F omitted)
i.mtongue         _Imtongue_1-3       (_Imtongue_1 for mton~e==English omitted)
i.hsgroup         _Ihsgroup_1-3       (naturally coded; _Ihsgroup_1 omitted)
i.numcourses_~1   _Inumcourse_2-6     (naturally coded; _Inumcourse_2 omitted)
i.lastmin         _Ilastmin_1-5       (naturally coded; _Ilastmin_1 omitted)
i.mom_edn         _Imom_edn_1-9       (naturally coded; _Imom_edn_1 omitted)
i.dad_edn         _Idad_edn_1-9       (naturally coded; _Idad_edn_1 omitted)
note: _Isex_2 omitted because of collinearity

Linear regression                               Number of obs     =        729
                                                F(29, 698)        =          .
                                                Prob > F          =          .
                                                R-squared         =     0.1219
                                                Root MSE          =     11.303

-------------------------------------------------------------------------------
              |               Robust
         var2 |      Coef.   Std. Err.      t    P>|t|     [95% Conf. Interval]
--------------+----------------------------------------------------------------
          ssp |   .7375964    1.27431     0.58   0.563    -1.764344    3.239536
       sfpany |   3.141293     .97221     3.23   0.001     1.232487      5.0501
      _Isex_2 |          0  (omitted)
  _Imtongue_2 |  -7.417512   3.435439    -2.16   0.031    -14.16254   -.6724799
  _Imtongue_3 |  -2.936004   .9638238    -3.05   0.002    -4.828346   -1.043663
  _Ihsgroup_2 |   3.160698   1.116128     2.83   0.005     .9693275    5.352068
  _Ihsgroup_3 |   7.064946   1.067838     6.62   0.000     4.968386    9.161505
_Inumcourse_3 |  -.4441556   3.351187    -0.13   0.895     -7.02377    6.135459
_Inumcourse_4 |  -1.970586   2.063035    -0.96   0.340    -6.021085    2.079912
_Inumcourse_5 |  -2.274382   2.081368    -1.09   0.275    -6.360873     1.81211
_Inumcourse_6 |  -2.590794   1.976424    -1.31   0.190    -6.471242    1.289655
  _Ilastmin_2 |  -.9050894    1.65104    -0.55   0.584    -4.146689     2.33651
  _Ilastmin_3 |   .6181061   1.483241     0.42   0.677    -2.294043    3.530255
  _Ilastmin_4 |   -.183215   1.656933    -0.11   0.912    -3.436386    3.069956
  _Ilastmin_5 |   .6420298    1.92186     0.33   0.738     -3.13129    4.415349
  _Imom_edn_2 |   .8391127    2.15709     0.39   0.697    -3.396051    5.074276
  _Imom_edn_3 |   8.040375   2.336657     3.44   0.001     3.452656    12.62809
  _Imom_edn_4 |   2.106262   2.148169     0.98   0.327    -2.111386     6.32391
  _Imom_edn_5 |  -2.794581   2.894934    -0.97   0.335    -8.478403     2.88924
  _Imom_edn_6 |   1.789748   2.191094     0.82   0.414    -2.512176    6.091673
  _Imom_edn_7 |   .7039739   2.833579     0.25   0.804    -4.859385    6.267333
  _Imom_edn_8 |  -2.443352     3.5549    -0.69   0.492     -9.42293    4.536226
  _Imom_edn_9 |   1.956765   3.028972     0.65   0.518    -3.990223    7.903752
  _Idad_edn_2 |   1.562058    1.82265     0.86   0.392    -2.016475    5.140591
  _Idad_edn_3 |   2.275602   2.003286     1.14   0.256    -1.657585     6.20879
  _Idad_edn_4 |  -.0442646   1.753517    -0.03   0.980    -3.487065    3.398536
  _Idad_edn_5 |  -.7953978   2.503516    -0.32   0.751    -5.710721    4.119926
  _Idad_edn_6 |   1.039303   1.817983     0.57   0.568    -2.530067    4.608673
  _Idad_edn_7 |   1.550767   1.915691     0.81   0.418    -2.210441    5.311974
  _Idad_edn_8 |   4.198743   2.452575     1.71   0.087    -.6165649    9.014052
  _Idad_edn_9 |  -1.150388   2.495437    -0.46   0.645     -6.04985    3.749075
        _cons |    60.3736   2.856445    21.14   0.000     54.76535    65.98186
-------------------------------------------------------------------------------
(197 missing values generated)
i.sex             _Isex_1-2           (_Isex_1 for sex==F omitted)
i.mtongue         _Imtongue_1-3       (_Imtongue_1 for mton~e==English omitted)
i.hsgroup         _Ihsgroup_1-3       (naturally coded; _Ihsgroup_1 omitted)
i.numcourses_~1   _Inumcourse_2-6     (naturally coded; _Inumcourse_2 omitted)
i.lastmin         _Ilastmin_1-5       (naturally coded; _Ilastmin_1 omitted)
i.mom_edn         _Imom_edn_1-9       (naturally coded; _Imom_edn_1 omitted)
i.dad_edn         _Idad_edn_1-9       (naturally coded; _Idad_edn_1 omitted)

Linear regression                               Number of obs     =      1,255
                                                F(32, 1222)       =       9.52
                                                Prob > F          =     0.0000
                                                R-squared         =     0.1936
                                                Root MSE          =     .80434

-------------------------------------------------------------------------------
              |               Robust
         var3 |      Coef.   Std. Err.      t    P>|t|     [95% Conf. Interval]
--------------+----------------------------------------------------------------
          ssp |   .0725943   .0660107     1.10   0.272    -.0569126    .2021011
          sfp |   .0102589   .0635789     0.16   0.872     -.114477    .1349948
         sfsp |   .2097124   .0922155     2.27   0.023     .0287942    .3906305
      _Isex_2 |   .1478616   .0480816     3.08   0.002       .05353    .2421933
  _Imtongue_2 |  -.4280354    .271792    -1.57   0.116    -.9612661    .1051953
  _Imtongue_3 |  -.0757962   .0517229    -1.47   0.143    -.1772719    .0256794
  _Ihsgroup_2 |   .3842828   .0558151     6.88   0.000     .2747788    .4937868
  _Ihsgroup_3 |   .8717847   .0559739    15.57   0.000      .761969    .9816003
_Inumcourse_3 |   .3594585    .433923     0.83   0.408    -.4918581    1.210775
_Inumcourse_4 |   .3596008   .4102116     0.88   0.381    -.4451963    1.164398
_Inumcourse_5 |    .340188   .4095693     0.83   0.406    -.4633491    1.143725
_Inumcourse_6 |   .3527354   .4091225     0.86   0.389    -.4499249    1.155396
  _Ilastmin_2 |   -.078563   .0802859    -0.98   0.328    -.2360764    .0789505
  _Ilastmin_3 |  -.0066728    .074832    -0.09   0.929    -.1534862    .1401406
  _Ilastmin_4 |  -.0913287   .0834046    -1.10   0.274    -.2549607    .0723034
  _Ilastmin_5 |   .1310242   .1232638     1.06   0.288    -.1108079    .3728563
  _Imom_edn_2 |  -.1211114   .1027798    -1.18   0.239     -.322756    .0805331
  _Imom_edn_3 |    .147103   .1557764     0.94   0.345    -.1585159     .452722
  _Imom_edn_4 |  -.0356579   .1066651    -0.33   0.738     -.244925    .1736091
  _Imom_edn_5 |  -.2774067   .1329759    -2.09   0.037     -.538293   -.0165204
  _Imom_edn_6 |  -.0451422   .1074323    -0.42   0.674    -.2559144      .16563
  _Imom_edn_7 |   .0052933   .1289106     0.04   0.967    -.2476174    .2582039
  _Imom_edn_8 |  -.2405413   .1886257    -1.28   0.202    -.6106074    .1295247
  _Imom_edn_9 |  -.1505481   .1416222    -1.06   0.288    -.4283977    .1273016
  _Idad_edn_2 |   .0162895   .1023765     0.16   0.874    -.1845636    .2171426
  _Idad_edn_3 |    .314341   .1512191     2.08   0.038     .0176632    .6110189
  _Idad_edn_4 |   .0422281   .1031438     0.41   0.682    -.1601305    .2445866
  _Idad_edn_5 |   .1128127   .1381728     0.82   0.414    -.1582694    .3838949
  _Idad_edn_6 |   .1122743   .1011331     1.11   0.267    -.0861395    .3106881
  _Idad_edn_7 |   .0367153   .1124145     0.33   0.744    -.1838315    .2572621
  _Idad_edn_8 |   .2608755   .1296231     2.01   0.044      .006567     .515184
  _Idad_edn_9 |   .0659799   .1387245     0.48   0.634    -.2061848    .3381445
        _cons |   1.008916   .4252707     2.37   0.018      .174574    1.843257
-------------------------------------------------------------------------------
i.sex             _Isex_1-2           (_Isex_1 for sex==F omitted)
i.mtongue         _Imtongue_1-3       (_Imtongue_1 for mton~e==English omitted)
i.hsgroup         _Ihsgroup_1-3       (naturally coded; _Ihsgroup_1 omitted)
i.numcourses_~1   _Inumcourse_2-6     (naturally coded; _Inumcourse_2 omitted)
i.lastmin         _Ilastmin_1-5       (naturally coded; _Ilastmin_1 omitted)
i.mom_edn         _Imom_edn_1-9       (naturally coded; _Imom_edn_1 omitted)
i.dad_edn         _Idad_edn_1-9       (naturally coded; _Idad_edn_1 omitted)

Linear regression                               Number of obs     =      1,255
                                                F(31, 1223)       =       9.82
                                                Prob > F          =     0.0000
                                                R-squared         =     0.1909
                                                Root MSE          =     .80535

-------------------------------------------------------------------------------
              |               Robust
         var3 |      Coef.   Std. Err.      t    P>|t|     [95% Conf. Interval]
--------------+----------------------------------------------------------------
          ssp |    .071473   .0659865     1.08   0.279    -.0579862    .2009322
       sfpany |   .0786763   .0560005     1.40   0.160    -.0311915     .188544
      _Isex_2 |   .1483591   .0482052     3.08   0.002     .0537851    .2429331
  _Imtongue_2 |  -.4392035    .273429    -1.61   0.108    -.9756455    .0972384
  _Imtongue_3 |  -.0755766     .05194    -1.46   0.146    -.1774779    .0263247
  _Ihsgroup_2 |   .3841386   .0559284     6.87   0.000     .2744123    .4938649
  _Ihsgroup_3 |   .8692081   .0557705    15.59   0.000     .7597917    .9786245
_Inumcourse_3 |   .2639783    .418943     0.63   0.529    -.5579484    1.085905
_Inumcourse_4 |   .2607665   .3944564     0.66   0.509    -.5131198    1.034653
_Inumcourse_5 |   .2442762   .3932517     0.62   0.535    -.5272465    1.015799
_Inumcourse_6 |   .2564024   .3929659     0.65   0.514    -.5145596    1.027364
  _Ilastmin_2 |  -.0868607   .0805655    -1.08   0.281    -.2449226    .0712013
  _Ilastmin_3 |  -.0101276   .0751932    -0.13   0.893    -.1576496    .1373944
  _Ilastmin_4 |  -.0915484   .0835004    -1.10   0.273    -.2553683    .0722714
  _Ilastmin_5 |   .1258248   .1237795     1.02   0.310    -.1170188    .3686685
  _Imom_edn_2 |  -.1192413   .1032783    -1.15   0.248    -.3218636     .083381
  _Imom_edn_3 |   .1410917   .1563146     0.90   0.367    -.1655828    .4477662
  _Imom_edn_4 |  -.0373043   .1070481    -0.35   0.728    -.2473225     .172714
  _Imom_edn_5 |  -.2777123   .1320935    -2.10   0.036    -.5368673   -.0185572
  _Imom_edn_6 |  -.0451556   .1077695    -0.42   0.675    -.2565892    .1662779
  _Imom_edn_7 |   .0019823   .1293268     0.02   0.988    -.2517446    .2557093
  _Imom_edn_8 |  -.2399206   .1877254    -1.28   0.201    -.6082202     .128379
  _Imom_edn_9 |  -.1506504   .1412119    -1.07   0.286    -.4276948     .126394
  _Idad_edn_2 |   .0147579   .1031461     0.14   0.886    -.1876051    .2171209
  _Idad_edn_3 |   .3030426   .1515213     2.00   0.046     .0057722     .600313
  _Idad_edn_4 |   .0446538   .1037233     0.43   0.667    -.1588415     .248149
  _Idad_edn_5 |   .1100331   .1384776     0.79   0.427    -.1616469    .3817131
  _Idad_edn_6 |   .1088896    .101547     1.07   0.284    -.0903361    .3081153
  _Idad_edn_7 |   .0381919   .1129183     0.34   0.735    -.1833431    .2597269
  _Idad_edn_8 |   .2613229   .1293868     2.02   0.044     .0074783    .5151675
  _Idad_edn_9 |   .0615959   .1379025     0.45   0.655    -.2089557    .3321475
        _cons |   1.111547   .4097174     2.71   0.007       .30772    1.915374
-------------------------------------------------------------------------------
(197 missing values generated)
i.sex             _Isex_1-2           (_Isex_1 for sex==F omitted)
i.mtongue         _Imtongue_1-3       (_Imtongue_1 for mton~e==English omitted)
i.hsgroup         _Ihsgroup_1-3       (naturally coded; _Ihsgroup_1 omitted)
i.numcourses_~1   _Inumcourse_2-6     (naturally coded; _Inumcourse_2 omitted)
i.lastmin         _Ilastmin_1-5       (naturally coded; _Ilastmin_1 omitted)
i.mom_edn         _Imom_edn_1-9       (naturally coded; _Imom_edn_1 omitted)
i.dad_edn         _Idad_edn_1-9       (naturally coded; _Idad_edn_1 omitted)
note: _Isex_2 omitted because of collinearity

Linear regression                               Number of obs     =        526
                                                F(30, 494)        =          .
                                                Prob > F          =          .
                                                R-squared         =     0.1900
                                                Root MSE          =     .83139

-------------------------------------------------------------------------------
              |               Robust
         var4 |      Coef.   Std. Err.      t    P>|t|     [95% Conf. Interval]
--------------+----------------------------------------------------------------
          ssp |   .0107248    .107402     0.10   0.920    -.2002964    .2217459
          sfp |  -.1098765   .1029174    -1.07   0.286    -.3120863    .0923334
         sfsp |   .0838837   .1620649     0.52   0.605    -.2345379    .4023053
      _Isex_2 |          0  (omitted)
  _Imtongue_2 |  -.5271804   .2601646    -2.03   0.043    -1.038346   -.0160148
  _Imtongue_3 |   .0302712   .0837956     0.36   0.718    -.1343685    .1949108
  _Ihsgroup_2 |   .3185321   .0884308     3.60   0.000     .1447853     .492279
  _Ihsgroup_3 |    .844629   .0931998     9.06   0.000     .6615121    1.027746
_Inumcourse_3 |   .3821115   .4547394     0.84   0.401    -.5113503    1.275573
_Inumcourse_4 |   .4716912    .400646     1.18   0.240    -.3154891    1.258872
_Inumcourse_5 |   .4104272   .4012956     1.02   0.307    -.3780296    1.198884
_Inumcourse_6 |   .4045588   .3980961     1.02   0.310    -.3776116    1.186729
  _Ilastmin_2 |   .0009777     .11352     0.01   0.993    -.2220639    .2240194
  _Ilastmin_3 |   .0128247   .1079826     0.12   0.906     -.199337    .2249865
  _Ilastmin_4 |  -.0385276   .1257279    -0.31   0.759    -.2855549    .2084997
  _Ilastmin_5 |   .2733786   .2335487     1.17   0.242    -.1854927    .7322498
  _Imom_edn_2 |  -.2442492   .2209507    -1.11   0.270    -.6783682    .1898698
  _Imom_edn_3 |  -.4627724   .2928355    -1.58   0.115    -1.038129    .1125843
  _Imom_edn_4 |  -.2779565   .2284451    -1.22   0.224    -.7268005    .1708874
  _Imom_edn_5 |  -.2601477   .2669819    -0.97   0.330    -.7847078    .2644124
  _Imom_edn_6 |   -.335769   .2249764    -1.49   0.136    -.7777976    .1062596
  _Imom_edn_7 |  -.2084517   .2373196    -0.88   0.380    -.6747319    .2578286
  _Imom_edn_8 |  -.3392261   .3169668    -1.07   0.285    -.9619955    .2835433
  _Imom_edn_9 |  -.4324371   .2573591    -1.68   0.094    -.9380905    .0732163
  _Idad_edn_2 |  -.3745186   .1817104    -2.06   0.040    -.7315392    -.017498
  _Idad_edn_3 |    .118833   .2662768     0.45   0.656    -.4043417    .6420076
  _Idad_edn_4 |  -.1399248   .1821029    -0.77   0.443    -.4977164    .2178668
  _Idad_edn_5 |  -.0282293   .2239717    -0.13   0.900    -.4682838    .4118252
  _Idad_edn_6 |  -.1469876   .1729426    -0.85   0.396    -.4867814    .1928062
  _Idad_edn_7 |  -.1771809   .1778474    -1.00   0.320    -.5266115    .1722497
  _Idad_edn_8 |   .0928472    .209115     0.44   0.657    -.3180172    .5037116
  _Idad_edn_9 |  -.0345926   .2210505    -0.16   0.876    -.4689077    .3997225
        _cons |   1.507639   .4576145     3.29   0.001     .6085286     2.40675
-------------------------------------------------------------------------------
i.sex             _Isex_1-2           (_Isex_1 for sex==F omitted)
i.mtongue         _Imtongue_1-3       (_Imtongue_1 for mton~e==English omitted)
i.hsgroup         _Ihsgroup_1-3       (naturally coded; _Ihsgroup_1 omitted)
i.numcourses_~1   _Inumcourse_2-6     (naturally coded; _Inumcourse_2 omitted)
i.lastmin         _Ilastmin_1-5       (naturally coded; _Ilastmin_1 omitted)
i.mom_edn         _Imom_edn_1-9       (naturally coded; _Imom_edn_1 omitted)
i.dad_edn         _Idad_edn_1-9       (naturally coded; _Idad_edn_1 omitted)
note: _Isex_2 omitted because of collinearity

Linear regression                               Number of obs     =        526
                                                F(29, 495)        =          .
                                                Prob > F          =          .
                                                R-squared         =     0.1877
                                                Root MSE          =     .83172

-------------------------------------------------------------------------------
              |               Robust
         var4 |      Coef.   Std. Err.      t    P>|t|     [95% Conf. Interval]
--------------+----------------------------------------------------------------
          ssp |     .00792   .1071977     0.07   0.941    -.2026986    .2185386
       sfpany |  -.0424021   .0947617    -0.45   0.655    -.2285868    .1437827
      _Isex_2 |          0  (omitted)
  _Imtongue_2 |     -.5368   .2584361    -2.08   0.038    -1.044567    -.029033
  _Imtongue_3 |   .0330937   .0839109     0.39   0.693    -.1317718    .1979591
  _Ihsgroup_2 |   .3217516   .0884005     3.64   0.000     .1480652    .4954379
  _Ihsgroup_3 |   .8464699    .093014     9.10   0.000     .6637189    1.029221
_Inumcourse_3 |   .2964513   .4184865     0.71   0.479    -.5257776     1.11868
_Inumcourse_4 |   .3879631   .3615395     1.07   0.284    -.3223783    1.098304
_Inumcourse_5 |   .3309948   .3615835     0.92   0.360    -.3794328    1.041422
_Inumcourse_6 |   .3239403   .3598491     0.90   0.368    -.3830796     1.03096
  _Ilastmin_2 |  -.0063711   .1136703    -0.06   0.955    -.2297069    .2169647
  _Ilastmin_3 |   .0111237    .108266     0.10   0.918    -.2015938    .2238412
  _Ilastmin_4 |  -.0352914   .1252889    -0.28   0.778    -.2814551    .2108722
  _Ilastmin_5 |   .2699214   .2331754     1.16   0.248    -.1882142     .728057
  _Imom_edn_2 |  -.2476173   .2200528    -1.13   0.261    -.6799699    .1847354
  _Imom_edn_3 |  -.4784547   .2946268    -1.62   0.105    -1.057328    .1004186
  _Imom_edn_4 |   -.278247   .2264923    -1.23   0.220    -.7232518    .1667577
  _Imom_edn_5 |  -.2531037   .2626678    -0.96   0.336     -.769185    .2629776
  _Imom_edn_6 |  -.3410343   .2238909    -1.52   0.128     -.780928    .0988595
  _Imom_edn_7 |  -.2177185   .2371102    -0.92   0.359    -.6835851     .248148
  _Imom_edn_8 |  -.3251305   .3110527    -1.05   0.296    -.9362769     .286016
  _Imom_edn_9 |  -.4285313   .2551879    -1.68   0.094    -.9299164    .0728538
  _Idad_edn_2 |  -.3715297   .1822424    -2.04   0.042    -.7295937   -.0134657
  _Idad_edn_3 |   .1092832   .2634829     0.41   0.678    -.4083997    .6269661
  _Idad_edn_4 |   -.135595   .1818825    -0.75   0.456    -.4929518    .2217618
  _Idad_edn_5 |  -.0218824   .2231174    -0.10   0.922    -.4602563    .4164916
  _Idad_edn_6 |  -.1432021   .1723621    -0.83   0.406    -.4818535    .1954494
  _Idad_edn_7 |  -.1737848    .177728    -0.98   0.329     -.522979    .1754094
  _Idad_edn_8 |   .0968956   .2076425     0.47   0.641    -.3110738    .5048649
  _Idad_edn_9 |  -.0326792   .2208522    -0.15   0.882    -.4666025    .4012441
        _cons |   1.587829   .4280618     3.71   0.000     .7467867    2.428871
-------------------------------------------------------------------------------
(197 missing values generated)
i.sex             _Isex_1-2           (_Isex_1 for sex==F omitted)
i.mtongue         _Imtongue_1-3       (_Imtongue_1 for mton~e==English omitted)
i.hsgroup         _Ihsgroup_1-3       (naturally coded; _Ihsgroup_1 omitted)
i.numcourses_~1   _Inumcourse_2-6     (naturally coded; _Inumcourse_2 omitted)
i.lastmin         _Ilastmin_1-5       (naturally coded; _Ilastmin_1 omitted)
i.mom_edn         _Imom_edn_1-9       (naturally coded; _Imom_edn_1 omitted)
i.dad_edn         _Idad_edn_1-9       (naturally coded; _Idad_edn_1 omitted)
note: _Isex_2 omitted because of collinearity

Linear regression                               Number of obs     =        729
                                                F(30, 697)        =          .
                                                Prob > F          =          .
                                                R-squared         =     0.2328
                                                Root MSE          =      .7823

-------------------------------------------------------------------------------
              |               Robust
         var5 |      Coef.   Std. Err.      t    P>|t|     [95% Conf. Interval]
--------------+----------------------------------------------------------------
          ssp |   .1161369   .0820313     1.42   0.157    -.0449212    .2771951
          sfp |   .0857684   .0841117     1.02   0.308    -.0793742    .2509111
         sfsp |   .2673432   .1173581     2.28   0.023     .0369255    .4977609
      _Isex_2 |          0  (omitted)
  _Imtongue_2 |  -.4504514    .320352    -1.41   0.160    -1.079422    .1785191
  _Imtongue_3 |  -.1401622   .0657842    -2.13   0.033    -.2693211   -.0110032
  _Ihsgroup_2 |   .4546188   .0737641     6.16   0.000     .3097923    .5994452
  _Ihsgroup_3 |   .8956013   .0721022    12.42   0.000     .7540378    1.037165
_Inumcourse_3 |  -.3739607   .2312175    -1.62   0.106    -.8279269    .0800055
_Inumcourse_4 |  -.3643085   .1627431    -2.24   0.026    -.6838339   -.0447831
_Inumcourse_5 |  -.3668438   .1553581    -2.36   0.018    -.6718698   -.0618178
_Inumcourse_6 |  -.3261259   .1529303    -2.13   0.033    -.6263851   -.0258667
  _Ilastmin_2 |  -.1126575   .1131141    -1.00   0.320    -.3347427    .1094277
  _Ilastmin_3 |  -.0132487   .1058532    -0.13   0.900     -.221078    .1945807
  _Ilastmin_4 |  -.1365603   .1149306    -1.19   0.235     -.362212    .0890913
  _Ilastmin_5 |   .0650267   .1503934     0.43   0.666    -.2302516     .360305
  _Imom_edn_2 |   -.085058   .1177666    -0.72   0.470    -.3162778    .1461619
  _Imom_edn_3 |   .4628985   .1774868     2.61   0.009     .1144257    .8113713
  _Imom_edn_4 |   .0759372   .1228989     0.62   0.537    -.1653592    .3172337
  _Imom_edn_5 |  -.3342724   .1574639    -2.12   0.034    -.6434328    -.025112
  _Imom_edn_6 |   .0771781   .1259384     0.61   0.540     -.170086    .3244421
  _Imom_edn_7 |   .0792889   .1664962     0.48   0.634    -.2476052     .406183
  _Imom_edn_8 |  -.2709707   .2471665    -1.10   0.273    -.7562508    .2143094
  _Imom_edn_9 |  -.0171148   .1772646    -0.10   0.923    -.3651514    .3309219
  _Idad_edn_2 |   .1838691   .1219683     1.51   0.132    -.0556001    .4233383
  _Idad_edn_3 |   .3530822   .1861661     1.90   0.058    -.0124314    .7185957
  _Idad_edn_4 |    .105421   .1252439     0.84   0.400    -.1404797    .3513216
  _Idad_edn_5 |   .0616863   .1745122     0.35   0.724    -.2809462    .4043189
  _Idad_edn_6 |   .2297394   .1247588     1.84   0.066    -.0152088    .4746875
  _Idad_edn_7 |   .1184022   .1458182     0.81   0.417    -.1678933    .4046977
  _Idad_edn_8 |   .3143853   .1692162     1.86   0.064    -.0178493      .64662
  _Idad_edn_9 |   .0408635   .1758927     0.23   0.816    -.3044795    .3862065
        _cons |   1.539411   .2069773     7.44   0.000     1.133037    1.945784
-------------------------------------------------------------------------------
i.sex             _Isex_1-2           (_Isex_1 for sex==F omitted)
i.mtongue         _Imtongue_1-3       (_Imtongue_1 for mton~e==English omitted)
i.hsgroup         _Ihsgroup_1-3       (naturally coded; _Ihsgroup_1 omitted)
i.numcourses_~1   _Inumcourse_2-6     (naturally coded; _Inumcourse_2 omitted)
i.lastmin         _Ilastmin_1-5       (naturally coded; _Ilastmin_1 omitted)
i.mom_edn         _Imom_edn_1-9       (naturally coded; _Imom_edn_1 omitted)
i.dad_edn         _Idad_edn_1-9       (naturally coded; _Idad_edn_1 omitted)
note: _Isex_2 omitted because of collinearity

Linear regression                               Number of obs     =        729
                                                F(29, 698)        =          .
                                                Prob > F          =          .
                                                R-squared         =     0.2304
                                                Root MSE          =     .78293

-------------------------------------------------------------------------------
              |               Robust
         var5 |      Coef.   Std. Err.      t    P>|t|     [95% Conf. Interval]
--------------+----------------------------------------------------------------
          ssp |   .1162368   .0819998     1.42   0.157    -.0447589    .2772325
       sfpany |   .1468443   .0729156     2.01   0.044     .0036842    .2900044
      _Isex_2 |          0  (omitted)
  _Imtongue_2 |  -.4643676   .3225894    -1.44   0.150    -1.097729    .1689942
  _Imtongue_3 |  -.1417651   .0659877    -2.15   0.032    -.2713233   -.0122069
  _Ihsgroup_2 |   .4518202   .0736477     6.13   0.000     .3072227    .5964178
  _Ihsgroup_3 |   .8902614   .0714978    12.45   0.000      .749885    1.030638
_Inumcourse_3 |  -.4862477    .218972    -2.22   0.027    -.9161703    -.056325
_Inumcourse_4 |  -.4857324   .1401089    -3.47   0.001    -.7608177    -.210647
_Inumcourse_5 |  -.4861157   .1287367    -3.78   0.000    -.7388733   -.2333581
_Inumcourse_6 |  -.4458484   .1224922    -3.64   0.000    -.6863457   -.2053512
  _Ilastmin_2 |  -.1213178   .1132395    -1.07   0.284    -.3436487    .1010131
  _Ilastmin_3 |  -.0184574   .1060853    -0.17   0.862     -.226742    .1898272
  _Ilastmin_4 |  -.1404642   .1153306    -1.22   0.224    -.3669007    .0859724
  _Ilastmin_5 |   .0583163   .1513645     0.39   0.700     -.238868    .3555006
  _Imom_edn_2 |  -.0794996   .1190507    -0.67   0.504    -.3132399    .1542407
  _Imom_edn_3 |   .4638202   .1775252     2.61   0.009     .1152728    .8123675
  _Imom_edn_4 |   .0733425   .1240289     0.59   0.554    -.1701719    .3168569
  _Imom_edn_5 |  -.3381285   .1566392    -2.16   0.031    -.6456689   -.0305882
  _Imom_edn_6 |   .0804983   .1273861     0.63   0.528    -.1696075    .3306041
  _Imom_edn_7 |   .0801167   .1675524     0.48   0.633    -.2488505    .4090838
  _Imom_edn_8 |  -.2808473    .245306    -1.14   0.253    -.7624735    .2007788
  _Imom_edn_9 |  -.0215035   .1763077    -0.12   0.903    -.3676606    .3246536
  _Idad_edn_2 |   .1812253   .1230121     1.47   0.141    -.0602927    .4227433
  _Idad_edn_3 |   .3422088   .1870145     1.83   0.068    -.0249696    .7093872
  _Idad_edn_4 |   .1079895   .1260892     0.86   0.392    -.1395701    .3555492
  _Idad_edn_5 |   .0540326   .1753856     0.31   0.758     -.290314    .3983792
  _Idad_edn_6 |   .2235327   .1260748     1.77   0.077    -.0239985    .4710639
  _Idad_edn_7 |     .12063    .146303     0.82   0.410    -.1666168    .4078767
  _Idad_edn_8 |    .315863   .1692287     1.87   0.062    -.0163952    .6481212
  _Idad_edn_9 |   .0346348    .173832     0.20   0.842    -.3066615     .375931
        _cons |   1.669052   .1820413     9.17   0.000     1.311638    2.026466
-------------------------------------------------------------------------------

.         
. mat colnames t5= all males females all males females 

. mat rownames t5= A_fallgr cmean "x" ssp "x" sfpany "x" sfp "x" sfsp "x" obs ///
>                                   B_GPAyr1 cmean "x" ssp "x" sfpany "x" sfp "x" sfsp "x" obs    

. 
. mat li t5

t5[24,6]
                 all       males     females         all       males     females
A_fallgr           .           .           .           .           .           .
   cmean   64.225499   65.935321   62.957672   64.225499   65.935321   62.957672
       x   11.901776   11.339573   12.160241   11.901776   11.339573   12.160241
     ssp   .34929643  -.02684298   .73671441   .34436078   -.0137588   .73759643
       x   .91738655   1.3338159   1.2754436    .9167906   1.3318485     1.27431
  sfpany           .           .           .   2.1252886   .01615913   3.1412931
       x           .           .           .   .73059664   1.1638653   .97220996
     sfp   1.8241268   .33092816   2.6020093           .           .           .
       x   .84653411   1.2332439   1.1761456           .           .           .
    sfsp   2.7020874  -.57296576   4.2052663           .           .           .
       x   1.1244211   2.0097665   1.3254828           .           .           .
     obs        1255         526         729        1255         526         729
B_GPAyr1           .           .           .           .           .           .
   cmean   1.8046224   1.9083792   1.7276871   1.8046224   1.9083792   1.7276871
       x   .90217129   .90757995   .89139069   .90217129   .90757995   .89139069
     ssp   .07259427   .01072476   .11613692     .071473   .00792001   .11623682
       x    .0660107   .10740203   .08203134   .06598648   .10719768   .08199976
  sfpany           .           .           .   .07867627  -.04240206   .14684432
       x           .           .           .   .05600053   .09476171   .07291557
     sfp   .01025889  -.10987645   .08576844           .           .           .
       x   .06357889   .10291739   .08411168           .           .           .
    sfsp   .20971239   .08388369    .2673432           .           .           .
       x   .09221545   .16206493   .11735807           .           .           .
     obs        1255         526         729        1255         526         729

. log close
      name:  <unnamed>
       log:  /Users/youpengzhang/Desktop/2018_CGS/referee_report/STARdatapost/DIRECTORY HERE\Table5.log
  log type:  text
 closed on:  27 Jul 2018, 16:51:32
--------------------------------------------------------------------------------------------------------------------------------------------------------------------------------------------------------
